The system is: Darwin - 17.4.0 - x86_64
Compiling the C compiler identification source file "CMakeCCompilerId.c" succeeded.
Compiler: /Applications/Xcode.app/Contents/Developer/Toolchains/XcodeDefault.xctoolchain/usr/bin/cc 
Build flags: 
Id flags:  

The output was:
0


Compilation of the C compiler identification source "CMakeCCompilerId.c" produced "a.out"

The C compiler identification is GNU, found in "/Users/geraldmas/MAS_gpu_project_corrigé/CMakeFiles/3.10.2/CompilerIdC/a.out"

Compiling the CXX compiler identification source file "CMakeCXXCompilerId.cpp" succeeded.
Compiler: /Applications/Xcode.app/Contents/Developer/Toolchains/XcodeDefault.xctoolchain/usr/bin/c++ 
Build flags: 
Id flags:  

The output was:
0


Compilation of the CXX compiler identification source "CMakeCXXCompilerId.cpp" produced "a.out"

The CXX compiler identification is GNU, found in "/Users/geraldmas/MAS_gpu_project_corrigé/CMakeFiles/3.10.2/CompilerIdCXX/a.out"

Determining if the C compiler works passed with the following output:
Change Dir: /Users/geraldmas/MAS_gpu_project_corrigé/CMakeFiles/CMakeTmp

Run Build Command:"/usr/bin/make" "cmTC_1fecd/fast"
/Applications/Xcode.app/Contents/Developer/usr/bin/make -f CMakeFiles/cmTC_1fecd.dir/build.make CMakeFiles/cmTC_1fecd.dir/build
Building C object CMakeFiles/cmTC_1fecd.dir/testCCompiler.c.o
/Applications/Xcode.app/Contents/Developer/Toolchains/XcodeDefault.xctoolchain/usr/bin/cc    -o CMakeFiles/cmTC_1fecd.dir/testCCompiler.c.o   -c /Users/geraldmas/MAS_gpu_project_corrigé/CMakeFiles/CMakeTmp/testCCompiler.c
Linking C executable cmTC_1fecd
/usr/local/Cellar/cmake/3.10.2/bin/cmake -E cmake_link_script CMakeFiles/cmTC_1fecd.dir/link.txt --verbose=1
/Applications/Xcode.app/Contents/Developer/Toolchains/XcodeDefault.xctoolchain/usr/bin/cc   -Wl,-search_paths_first -Wl,-headerpad_max_install_names   CMakeFiles/cmTC_1fecd.dir/testCCompiler.c.o  -o cmTC_1fecd 


Detecting C compiler ABI info compiled with the following output:
Change Dir: /Users/geraldmas/MAS_gpu_project_corrigé/CMakeFiles/CMakeTmp

Run Build Command:"/usr/bin/make" "cmTC_209b8/fast"
/Applications/Xcode.app/Contents/Developer/usr/bin/make -f CMakeFiles/cmTC_209b8.dir/build.make CMakeFiles/cmTC_209b8.dir/build
Building C object CMakeFiles/cmTC_209b8.dir/CMakeCCompilerABI.c.o
/Applications/Xcode.app/Contents/Developer/Toolchains/XcodeDefault.xctoolchain/usr/bin/cc    -o CMakeFiles/cmTC_209b8.dir/CMakeCCompilerABI.c.o   -c /usr/local/Cellar/cmake/3.10.2/share/cmake/Modules/CMakeCCompilerABI.c
Linking C executable cmTC_209b8
/usr/local/Cellar/cmake/3.10.2/bin/cmake -E cmake_link_script CMakeFiles/cmTC_209b8.dir/link.txt --verbose=1
/Applications/Xcode.app/Contents/Developer/Toolchains/XcodeDefault.xctoolchain/usr/bin/cc   -Wl,-search_paths_first -Wl,-headerpad_max_install_names  -v -Wl,-v CMakeFiles/cmTC_209b8.dir/CMakeCCompilerABI.c.o  -o cmTC_209b8 
Using built-in specs.
COLLECT_GCC=/Applications/Xcode.app/Contents/Developer/Toolchains/XcodeDefault.xctoolchain/usr/bin/cc
COLLECT_LTO_WRAPPER=/usr/local/Cellar/gcc/7.3.0/libexec/gcc/x86_64-apple-darwin17.3.0/7.3.0/lto-wrapper
Target: x86_64-apple-darwin17.3.0
Configured with: ../configure --build=x86_64-apple-darwin17.3.0 --prefix=/usr/local/Cellar/gcc/7.3.0 --libdir=/usr/local/Cellar/gcc/7.3.0/lib/gcc/7 --enable-languages=c,c++,objc,obj-c++,fortran --program-suffix=-7 --with-gmp=/usr/local/opt/gmp --with-mpfr=/usr/local/opt/mpfr --with-mpc=/usr/local/opt/libmpc --with-isl=/usr/local/opt/isl --with-system-zlib --enable-checking=release --with-pkgversion='Homebrew GCC 7.3.0' --with-bugurl=https://github.com/Homebrew/homebrew-core/issues --disable-nls
Thread model: posix
gcc version 7.3.0 (Homebrew GCC 7.3.0) 
COMPILER_PATH=/usr/local/Cellar/gcc/7.3.0/libexec/gcc/x86_64-apple-darwin17.3.0/7.3.0/:/usr/local/Cellar/gcc/7.3.0/libexec/gcc/x86_64-apple-darwin17.3.0/7.3.0/:/usr/local/Cellar/gcc/7.3.0/libexec/gcc/x86_64-apple-darwin17.3.0/:/usr/local/Cellar/gcc/7.3.0/lib/gcc/7/gcc/x86_64-apple-darwin17.3.0/7.3.0/:/usr/local/Cellar/gcc/7.3.0/lib/gcc/7/gcc/x86_64-apple-darwin17.3.0/
LIBRARY_PATH=/usr/local/Cellar/gcc/7.3.0/lib/gcc/7/gcc/x86_64-apple-darwin17.3.0/7.3.0/:/usr/local/Cellar/gcc/7.3.0/lib/gcc/7/gcc/x86_64-apple-darwin17.3.0/7.3.0/../../../
COLLECT_GCC_OPTIONS='-v' '-o' 'cmTC_209b8' '-mmacosx-version-min=10.13.4' '-asm_macosx_version_min=10.13' '-mtune=core2'
 /usr/local/Cellar/gcc/7.3.0/libexec/gcc/x86_64-apple-darwin17.3.0/7.3.0/collect2 -dynamic -arch x86_64 -macosx_version_min 10.13.4 -weak_reference_mismatches non-weak -o cmTC_209b8 -L/usr/local/Cellar/gcc/7.3.0/lib/gcc/7/gcc/x86_64-apple-darwin17.3.0/7.3.0 -L/usr/local/Cellar/gcc/7.3.0/lib/gcc/7/gcc/x86_64-apple-darwin17.3.0/7.3.0/../../.. -search_paths_first -headerpad_max_install_names -v CMakeFiles/cmTC_209b8.dir/CMakeCCompilerABI.c.o -no_compact_unwind -lSystem -lgcc_ext.10.5 -lgcc -lSystem -v
collect2 version 7.3.0
/usr/bin/ld -dynamic -arch x86_64 -macosx_version_min 10.13.4 -weak_reference_mismatches non-weak -o cmTC_209b8 -L/usr/local/Cellar/gcc/7.3.0/lib/gcc/7/gcc/x86_64-apple-darwin17.3.0/7.3.0 -L/usr/local/Cellar/gcc/7.3.0/lib/gcc/7/gcc/x86_64-apple-darwin17.3.0/7.3.0/../../.. -search_paths_first -headerpad_max_install_names -v CMakeFiles/cmTC_209b8.dir/CMakeCCompilerABI.c.o -no_compact_unwind -lSystem -lgcc_ext.10.5 -lgcc -lSystem -v
@(#)PROGRAM:ld  PROJECT:ld64-305
configured to support archs: armv6 armv7 armv7s arm64 i386 x86_64 x86_64h armv6m armv7k armv7m armv7em (tvOS)
@(#)PROGRAM:ld  PROJECT:ld64-305
configured to support archs: armv6 armv7 armv7s arm64 i386 x86_64 x86_64h armv6m armv7k armv7m armv7em (tvOS)
Library search paths:
	/usr/local/Cellar/gcc/7.3.0/lib/gcc/7/gcc/x86_64-apple-darwin17.3.0/7.3.0
	/usr/local/Cellar/gcc/7.3.0/lib/gcc/7
	/usr/lib
	/usr/local/lib
Framework search paths:
	/Library/Frameworks/
	/System/Library/Frameworks/
 /usr/bin/nm -n CMakeFiles/cmTC_209b8.dir/CMakeCCompilerABI.c.o


Parsed C implicit link information from above output:
  link line regex: [^( *|.*[/\])(ld|CMAKE_LINK_STARTFILE-NOTFOUND|([^/\]+-)?ld|collect2)[^/\]*( |$)]
  ignore line: [Change Dir: /Users/geraldmas/MAS_gpu_project_corrigé/CMakeFiles/CMakeTmp]
  ignore line: []
  ignore line: [Run Build Command:"/usr/bin/make" "cmTC_209b8/fast"]
  ignore line: [/Applications/Xcode.app/Contents/Developer/usr/bin/make -f CMakeFiles/cmTC_209b8.dir/build.make CMakeFiles/cmTC_209b8.dir/build]
  ignore line: [Building C object CMakeFiles/cmTC_209b8.dir/CMakeCCompilerABI.c.o]
  ignore line: [/Applications/Xcode.app/Contents/Developer/Toolchains/XcodeDefault.xctoolchain/usr/bin/cc    -o CMakeFiles/cmTC_209b8.dir/CMakeCCompilerABI.c.o   -c /usr/local/Cellar/cmake/3.10.2/share/cmake/Modules/CMakeCCompilerABI.c]
  ignore line: [Linking C executable cmTC_209b8]
  ignore line: [/usr/local/Cellar/cmake/3.10.2/bin/cmake -E cmake_link_script CMakeFiles/cmTC_209b8.dir/link.txt --verbose=1]
  ignore line: [/Applications/Xcode.app/Contents/Developer/Toolchains/XcodeDefault.xctoolchain/usr/bin/cc   -Wl,-search_paths_first -Wl,-headerpad_max_install_names  -v -Wl,-v CMakeFiles/cmTC_209b8.dir/CMakeCCompilerABI.c.o  -o cmTC_209b8 ]
  ignore line: [Using built-in specs.]
  ignore line: [COLLECT_GCC=/Applications/Xcode.app/Contents/Developer/Toolchains/XcodeDefault.xctoolchain/usr/bin/cc]
  ignore line: [COLLECT_LTO_WRAPPER=/usr/local/Cellar/gcc/7.3.0/libexec/gcc/x86_64-apple-darwin17.3.0/7.3.0/lto-wrapper]
  ignore line: [Target: x86_64-apple-darwin17.3.0]
  ignore line: [Configured with: ../configure --build=x86_64-apple-darwin17.3.0 --prefix=/usr/local/Cellar/gcc/7.3.0 --libdir=/usr/local/Cellar/gcc/7.3.0/lib/gcc/7 --enable-languages=c,c++,objc,obj-c++,fortran --program-suffix=-7 --with-gmp=/usr/local/opt/gmp --with-mpfr=/usr/local/opt/mpfr --with-mpc=/usr/local/opt/libmpc --with-isl=/usr/local/opt/isl --with-system-zlib --enable-checking=release --with-pkgversion='Homebrew GCC 7.3.0' --with-bugurl=https://github.com/Homebrew/homebrew-core/issues --disable-nls]
  ignore line: [Thread model: posix]
  ignore line: [gcc version 7.3.0 (Homebrew GCC 7.3.0) ]
  ignore line: [COMPILER_PATH=/usr/local/Cellar/gcc/7.3.0/libexec/gcc/x86_64-apple-darwin17.3.0/7.3.0/:/usr/local/Cellar/gcc/7.3.0/libexec/gcc/x86_64-apple-darwin17.3.0/7.3.0/:/usr/local/Cellar/gcc/7.3.0/libexec/gcc/x86_64-apple-darwin17.3.0/:/usr/local/Cellar/gcc/7.3.0/lib/gcc/7/gcc/x86_64-apple-darwin17.3.0/7.3.0/:/usr/local/Cellar/gcc/7.3.0/lib/gcc/7/gcc/x86_64-apple-darwin17.3.0/]
  ignore line: [LIBRARY_PATH=/usr/local/Cellar/gcc/7.3.0/lib/gcc/7/gcc/x86_64-apple-darwin17.3.0/7.3.0/:/usr/local/Cellar/gcc/7.3.0/lib/gcc/7/gcc/x86_64-apple-darwin17.3.0/7.3.0/../../../]
  ignore line: [COLLECT_GCC_OPTIONS='-v' '-o' 'cmTC_209b8' '-mmacosx-version-min=10.13.4' '-asm_macosx_version_min=10.13' '-mtune=core2']
  link line: [ /usr/local/Cellar/gcc/7.3.0/libexec/gcc/x86_64-apple-darwin17.3.0/7.3.0/collect2 -dynamic -arch x86_64 -macosx_version_min 10.13.4 -weak_reference_mismatches non-weak -o cmTC_209b8 -L/usr/local/Cellar/gcc/7.3.0/lib/gcc/7/gcc/x86_64-apple-darwin17.3.0/7.3.0 -L/usr/local/Cellar/gcc/7.3.0/lib/gcc/7/gcc/x86_64-apple-darwin17.3.0/7.3.0/../../.. -search_paths_first -headerpad_max_install_names -v CMakeFiles/cmTC_209b8.dir/CMakeCCompilerABI.c.o -no_compact_unwind -lSystem -lgcc_ext.10.5 -lgcc -lSystem -v]
    arg [/usr/local/Cellar/gcc/7.3.0/libexec/gcc/x86_64-apple-darwin17.3.0/7.3.0/collect2] ==> ignore
    arg [-dynamic] ==> ignore
    arg [-arch] ==> ignore
    arg [x86_64] ==> ignore
    arg [-macosx_version_min] ==> ignore
    arg [10.13.4] ==> ignore
    arg [-weak_reference_mismatches] ==> ignore
    arg [non-weak] ==> ignore
    arg [-o] ==> ignore
    arg [cmTC_209b8] ==> ignore
    arg [-L/usr/local/Cellar/gcc/7.3.0/lib/gcc/7/gcc/x86_64-apple-darwin17.3.0/7.3.0] ==> dir [/usr/local/Cellar/gcc/7.3.0/lib/gcc/7/gcc/x86_64-apple-darwin17.3.0/7.3.0]
    arg [-L/usr/local/Cellar/gcc/7.3.0/lib/gcc/7/gcc/x86_64-apple-darwin17.3.0/7.3.0/../../..] ==> dir [/usr/local/Cellar/gcc/7.3.0/lib/gcc/7/gcc/x86_64-apple-darwin17.3.0/7.3.0/../../..]
    arg [-search_paths_first] ==> ignore
    arg [-headerpad_max_install_names] ==> ignore
    arg [-v] ==> ignore
    arg [CMakeFiles/cmTC_209b8.dir/CMakeCCompilerABI.c.o] ==> ignore
    arg [-no_compact_unwind] ==> ignore
    arg [-lSystem] ==> lib [System]
    arg [-lgcc_ext.10.5] ==> lib [gcc_ext.10.5]
    arg [-lgcc] ==> lib [gcc]
    arg [-lSystem] ==> lib [System]
    arg [-v] ==> ignore
  Library search paths: [;/usr/local/Cellar/gcc/7.3.0/lib/gcc/7/gcc/x86_64-apple-darwin17.3.0/7.3.0;/usr/local/Cellar/gcc/7.3.0/lib/gcc/7;/usr/lib;/usr/local/lib]
  Framework search paths: [;/Library/Frameworks/;/System/Library/Frameworks/]
  remove lib [System]
  remove lib [System]
  collapse library dir [/usr/local/Cellar/gcc/7.3.0/lib/gcc/7/gcc/x86_64-apple-darwin17.3.0/7.3.0] ==> [/usr/local/Cellar/gcc/7.3.0/lib/gcc/7/gcc/x86_64-apple-darwin17.3.0/7.3.0]
  collapse library dir [/usr/local/Cellar/gcc/7.3.0/lib/gcc/7/gcc/x86_64-apple-darwin17.3.0/7.3.0/../../..] ==> [/usr/local/Cellar/gcc/7.3.0/lib/gcc/7]
  collapse library dir [/usr/local/Cellar/gcc/7.3.0/lib/gcc/7/gcc/x86_64-apple-darwin17.3.0/7.3.0] ==> [/usr/local/Cellar/gcc/7.3.0/lib/gcc/7/gcc/x86_64-apple-darwin17.3.0/7.3.0]
  collapse library dir [/usr/local/Cellar/gcc/7.3.0/lib/gcc/7] ==> [/usr/local/Cellar/gcc/7.3.0/lib/gcc/7]
  collapse library dir [/usr/lib] ==> [/usr/lib]
  collapse library dir [/usr/local/lib] ==> [/usr/local/lib]
  collapse framework dir [/Library/Frameworks/] ==> [/Library/Frameworks]
  collapse framework dir [/System/Library/Frameworks/] ==> [/System/Library/Frameworks]
  implicit libs: [gcc_ext.10.5;gcc]
  implicit dirs: [/usr/local/Cellar/gcc/7.3.0/lib/gcc/7/gcc/x86_64-apple-darwin17.3.0/7.3.0;/usr/local/Cellar/gcc/7.3.0/lib/gcc/7;/usr/lib;/usr/local/lib]
  implicit fwks: [/Library/Frameworks;/System/Library/Frameworks]




Detecting C [-std=c11] compiler features compiled with the following output:
Change Dir: /Users/geraldmas/MAS_gpu_project_corrigé/CMakeFiles/CMakeTmp

Run Build Command:"/usr/bin/make" "cmTC_7ddb9/fast"
/Applications/Xcode.app/Contents/Developer/usr/bin/make -f CMakeFiles/cmTC_7ddb9.dir/build.make CMakeFiles/cmTC_7ddb9.dir/build
Building C object CMakeFiles/cmTC_7ddb9.dir/feature_tests.c.o
/Applications/Xcode.app/Contents/Developer/Toolchains/XcodeDefault.xctoolchain/usr/bin/cc   -std=c11 -o CMakeFiles/cmTC_7ddb9.dir/feature_tests.c.o   -c /Users/geraldmas/MAS_gpu_project_corrigé/CMakeFiles/feature_tests.c
Linking C executable cmTC_7ddb9
/usr/local/Cellar/cmake/3.10.2/bin/cmake -E cmake_link_script CMakeFiles/cmTC_7ddb9.dir/link.txt --verbose=1
/Applications/Xcode.app/Contents/Developer/Toolchains/XcodeDefault.xctoolchain/usr/bin/cc   -Wl,-search_paths_first -Wl,-headerpad_max_install_names   CMakeFiles/cmTC_7ddb9.dir/feature_tests.c.o  -o cmTC_7ddb9 


    Feature record: C_FEATURE:1c_function_prototypes
    Feature record: C_FEATURE:1c_restrict
    Feature record: C_FEATURE:1c_static_assert
    Feature record: C_FEATURE:1c_variadic_macros


Detecting C [-std=c99] compiler features compiled with the following output:
Change Dir: /Users/geraldmas/MAS_gpu_project_corrigé/CMakeFiles/CMakeTmp

Run Build Command:"/usr/bin/make" "cmTC_b8477/fast"
/Applications/Xcode.app/Contents/Developer/usr/bin/make -f CMakeFiles/cmTC_b8477.dir/build.make CMakeFiles/cmTC_b8477.dir/build
Building C object CMakeFiles/cmTC_b8477.dir/feature_tests.c.o
/Applications/Xcode.app/Contents/Developer/Toolchains/XcodeDefault.xctoolchain/usr/bin/cc   -std=c99 -o CMakeFiles/cmTC_b8477.dir/feature_tests.c.o   -c /Users/geraldmas/MAS_gpu_project_corrigé/CMakeFiles/feature_tests.c
Linking C executable cmTC_b8477
/usr/local/Cellar/cmake/3.10.2/bin/cmake -E cmake_link_script CMakeFiles/cmTC_b8477.dir/link.txt --verbose=1
/Applications/Xcode.app/Contents/Developer/Toolchains/XcodeDefault.xctoolchain/usr/bin/cc   -Wl,-search_paths_first -Wl,-headerpad_max_install_names   CMakeFiles/cmTC_b8477.dir/feature_tests.c.o  -o cmTC_b8477 


    Feature record: C_FEATURE:1c_function_prototypes
    Feature record: C_FEATURE:1c_restrict
    Feature record: C_FEATURE:0c_static_assert
    Feature record: C_FEATURE:1c_variadic_macros


Detecting C [-std=c90] compiler features compiled with the following output:
Change Dir: /Users/geraldmas/MAS_gpu_project_corrigé/CMakeFiles/CMakeTmp

Run Build Command:"/usr/bin/make" "cmTC_f3f7a/fast"
/Applications/Xcode.app/Contents/Developer/usr/bin/make -f CMakeFiles/cmTC_f3f7a.dir/build.make CMakeFiles/cmTC_f3f7a.dir/build
Building C object CMakeFiles/cmTC_f3f7a.dir/feature_tests.c.o
/Applications/Xcode.app/Contents/Developer/Toolchains/XcodeDefault.xctoolchain/usr/bin/cc   -std=c90 -o CMakeFiles/cmTC_f3f7a.dir/feature_tests.c.o   -c /Users/geraldmas/MAS_gpu_project_corrigé/CMakeFiles/feature_tests.c
Linking C executable cmTC_f3f7a
/usr/local/Cellar/cmake/3.10.2/bin/cmake -E cmake_link_script CMakeFiles/cmTC_f3f7a.dir/link.txt --verbose=1
/Applications/Xcode.app/Contents/Developer/Toolchains/XcodeDefault.xctoolchain/usr/bin/cc   -Wl,-search_paths_first -Wl,-headerpad_max_install_names   CMakeFiles/cmTC_f3f7a.dir/feature_tests.c.o  -o cmTC_f3f7a 


    Feature record: C_FEATURE:1c_function_prototypes
    Feature record: C_FEATURE:0c_restrict
    Feature record: C_FEATURE:0c_static_assert
    Feature record: C_FEATURE:0c_variadic_macros
Determining if the CXX compiler works passed with the following output:
Change Dir: /Users/geraldmas/MAS_gpu_project_corrigé/CMakeFiles/CMakeTmp

Run Build Command:"/usr/bin/make" "cmTC_f58fe/fast"
/Applications/Xcode.app/Contents/Developer/usr/bin/make -f CMakeFiles/cmTC_f58fe.dir/build.make CMakeFiles/cmTC_f58fe.dir/build
Building CXX object CMakeFiles/cmTC_f58fe.dir/testCXXCompiler.cxx.o
/Applications/Xcode.app/Contents/Developer/Toolchains/XcodeDefault.xctoolchain/usr/bin/c++     -o CMakeFiles/cmTC_f58fe.dir/testCXXCompiler.cxx.o -c /Users/geraldmas/MAS_gpu_project_corrigé/CMakeFiles/CMakeTmp/testCXXCompiler.cxx
Linking CXX executable cmTC_f58fe
/usr/local/Cellar/cmake/3.10.2/bin/cmake -E cmake_link_script CMakeFiles/cmTC_f58fe.dir/link.txt --verbose=1
/Applications/Xcode.app/Contents/Developer/Toolchains/XcodeDefault.xctoolchain/usr/bin/c++    -Wl,-search_paths_first -Wl,-headerpad_max_install_names   CMakeFiles/cmTC_f58fe.dir/testCXXCompiler.cxx.o  -o cmTC_f58fe 


Detecting CXX compiler ABI info compiled with the following output:
Change Dir: /Users/geraldmas/MAS_gpu_project_corrigé/CMakeFiles/CMakeTmp

Run Build Command:"/usr/bin/make" "cmTC_c45a8/fast"
/Applications/Xcode.app/Contents/Developer/usr/bin/make -f CMakeFiles/cmTC_c45a8.dir/build.make CMakeFiles/cmTC_c45a8.dir/build
Building CXX object CMakeFiles/cmTC_c45a8.dir/CMakeCXXCompilerABI.cpp.o
/Applications/Xcode.app/Contents/Developer/Toolchains/XcodeDefault.xctoolchain/usr/bin/c++     -o CMakeFiles/cmTC_c45a8.dir/CMakeCXXCompilerABI.cpp.o -c /usr/local/Cellar/cmake/3.10.2/share/cmake/Modules/CMakeCXXCompilerABI.cpp
Linking CXX executable cmTC_c45a8
/usr/local/Cellar/cmake/3.10.2/bin/cmake -E cmake_link_script CMakeFiles/cmTC_c45a8.dir/link.txt --verbose=1
/Applications/Xcode.app/Contents/Developer/Toolchains/XcodeDefault.xctoolchain/usr/bin/c++    -Wl,-search_paths_first -Wl,-headerpad_max_install_names  -v -Wl,-v CMakeFiles/cmTC_c45a8.dir/CMakeCXXCompilerABI.cpp.o  -o cmTC_c45a8 
Using built-in specs.
COLLECT_GCC=/Applications/Xcode.app/Contents/Developer/Toolchains/XcodeDefault.xctoolchain/usr/bin/c++
COLLECT_LTO_WRAPPER=/usr/local/Cellar/gcc/7.3.0/libexec/gcc/x86_64-apple-darwin17.3.0/7.3.0/lto-wrapper
Target: x86_64-apple-darwin17.3.0
Configured with: ../configure --build=x86_64-apple-darwin17.3.0 --prefix=/usr/local/Cellar/gcc/7.3.0 --libdir=/usr/local/Cellar/gcc/7.3.0/lib/gcc/7 --enable-languages=c,c++,objc,obj-c++,fortran --program-suffix=-7 --with-gmp=/usr/local/opt/gmp --with-mpfr=/usr/local/opt/mpfr --with-mpc=/usr/local/opt/libmpc --with-isl=/usr/local/opt/isl --with-system-zlib --enable-checking=release --with-pkgversion='Homebrew GCC 7.3.0' --with-bugurl=https://github.com/Homebrew/homebrew-core/issues --disable-nls
Thread model: posix
gcc version 7.3.0 (Homebrew GCC 7.3.0) 
COMPILER_PATH=/usr/local/Cellar/gcc/7.3.0/libexec/gcc/x86_64-apple-darwin17.3.0/7.3.0/:/usr/local/Cellar/gcc/7.3.0/libexec/gcc/x86_64-apple-darwin17.3.0/7.3.0/:/usr/local/Cellar/gcc/7.3.0/libexec/gcc/x86_64-apple-darwin17.3.0/:/usr/local/Cellar/gcc/7.3.0/lib/gcc/7/gcc/x86_64-apple-darwin17.3.0/7.3.0/:/usr/local/Cellar/gcc/7.3.0/lib/gcc/7/gcc/x86_64-apple-darwin17.3.0/
LIBRARY_PATH=/usr/local/Cellar/gcc/7.3.0/lib/gcc/7/gcc/x86_64-apple-darwin17.3.0/7.3.0/:/usr/local/Cellar/gcc/7.3.0/lib/gcc/7/gcc/x86_64-apple-darwin17.3.0/7.3.0/../../../
COLLECT_GCC_OPTIONS='-v' '-o' 'cmTC_c45a8' '-mmacosx-version-min=10.13.4' '-asm_macosx_version_min=10.13' '-shared-libgcc' '-mtune=core2'
 /usr/local/Cellar/gcc/7.3.0/libexec/gcc/x86_64-apple-darwin17.3.0/7.3.0/collect2 -dynamic -arch x86_64 -macosx_version_min 10.13.4 -weak_reference_mismatches non-weak -o cmTC_c45a8 -L/usr/local/Cellar/gcc/7.3.0/lib/gcc/7/gcc/x86_64-apple-darwin17.3.0/7.3.0 -L/usr/local/Cellar/gcc/7.3.0/lib/gcc/7/gcc/x86_64-apple-darwin17.3.0/7.3.0/../../.. -search_paths_first -headerpad_max_install_names -v CMakeFiles/cmTC_c45a8.dir/CMakeCXXCompilerABI.cpp.o -lstdc++ -no_compact_unwind -lSystem -lgcc_ext.10.5 -lgcc -lSystem -v
collect2 version 7.3.0
/usr/bin/ld -dynamic -arch x86_64 -macosx_version_min 10.13.4 -weak_reference_mismatches non-weak -o cmTC_c45a8 -L/usr/local/Cellar/gcc/7.3.0/lib/gcc/7/gcc/x86_64-apple-darwin17.3.0/7.3.0 -L/usr/local/Cellar/gcc/7.3.0/lib/gcc/7/gcc/x86_64-apple-darwin17.3.0/7.3.0/../../.. -search_paths_first -headerpad_max_install_names -v CMakeFiles/cmTC_c45a8.dir/CMakeCXXCompilerABI.cpp.o -lstdc++ -no_compact_unwind -lSystem -lgcc_ext.10.5 -lgcc -lSystem -v
@(#)PROGRAM:ld  PROJECT:ld64-305
configured to support archs: armv6 armv7 armv7s arm64 i386 x86_64 x86_64h armv6m armv7k armv7m armv7em (tvOS)
@(#)PROGRAM:ld  PROJECT:ld64-305
configured to support archs: armv6 armv7 armv7s arm64 i386 x86_64 x86_64h armv6m armv7k armv7m armv7em (tvOS)
Library search paths:
	/usr/local/Cellar/gcc/7.3.0/lib/gcc/7/gcc/x86_64-apple-darwin17.3.0/7.3.0
	/usr/local/Cellar/gcc/7.3.0/lib/gcc/7
	/usr/lib
	/usr/local/lib
Framework search paths:
	/Library/Frameworks/
	/System/Library/Frameworks/
 /usr/bin/nm -n CMakeFiles/cmTC_c45a8.dir/CMakeCXXCompilerABI.cpp.o


Parsed CXX implicit link information from above output:
  link line regex: [^( *|.*[/\])(ld|CMAKE_LINK_STARTFILE-NOTFOUND|([^/\]+-)?ld|collect2)[^/\]*( |$)]
  ignore line: [Change Dir: /Users/geraldmas/MAS_gpu_project_corrigé/CMakeFiles/CMakeTmp]
  ignore line: []
  ignore line: [Run Build Command:"/usr/bin/make" "cmTC_c45a8/fast"]
  ignore line: [/Applications/Xcode.app/Contents/Developer/usr/bin/make -f CMakeFiles/cmTC_c45a8.dir/build.make CMakeFiles/cmTC_c45a8.dir/build]
  ignore line: [Building CXX object CMakeFiles/cmTC_c45a8.dir/CMakeCXXCompilerABI.cpp.o]
  ignore line: [/Applications/Xcode.app/Contents/Developer/Toolchains/XcodeDefault.xctoolchain/usr/bin/c++     -o CMakeFiles/cmTC_c45a8.dir/CMakeCXXCompilerABI.cpp.o -c /usr/local/Cellar/cmake/3.10.2/share/cmake/Modules/CMakeCXXCompilerABI.cpp]
  ignore line: [Linking CXX executable cmTC_c45a8]
  ignore line: [/usr/local/Cellar/cmake/3.10.2/bin/cmake -E cmake_link_script CMakeFiles/cmTC_c45a8.dir/link.txt --verbose=1]
  ignore line: [/Applications/Xcode.app/Contents/Developer/Toolchains/XcodeDefault.xctoolchain/usr/bin/c++    -Wl,-search_paths_first -Wl,-headerpad_max_install_names  -v -Wl,-v CMakeFiles/cmTC_c45a8.dir/CMakeCXXCompilerABI.cpp.o  -o cmTC_c45a8 ]
  ignore line: [Using built-in specs.]
  ignore line: [COLLECT_GCC=/Applications/Xcode.app/Contents/Developer/Toolchains/XcodeDefault.xctoolchain/usr/bin/c++]
  ignore line: [COLLECT_LTO_WRAPPER=/usr/local/Cellar/gcc/7.3.0/libexec/gcc/x86_64-apple-darwin17.3.0/7.3.0/lto-wrapper]
  ignore line: [Target: x86_64-apple-darwin17.3.0]
  ignore line: [Configured with: ../configure --build=x86_64-apple-darwin17.3.0 --prefix=/usr/local/Cellar/gcc/7.3.0 --libdir=/usr/local/Cellar/gcc/7.3.0/lib/gcc/7 --enable-languages=c,c++,objc,obj-c++,fortran --program-suffix=-7 --with-gmp=/usr/local/opt/gmp --with-mpfr=/usr/local/opt/mpfr --with-mpc=/usr/local/opt/libmpc --with-isl=/usr/local/opt/isl --with-system-zlib --enable-checking=release --with-pkgversion='Homebrew GCC 7.3.0' --with-bugurl=https://github.com/Homebrew/homebrew-core/issues --disable-nls]
  ignore line: [Thread model: posix]
  ignore line: [gcc version 7.3.0 (Homebrew GCC 7.3.0) ]
  ignore line: [COMPILER_PATH=/usr/local/Cellar/gcc/7.3.0/libexec/gcc/x86_64-apple-darwin17.3.0/7.3.0/:/usr/local/Cellar/gcc/7.3.0/libexec/gcc/x86_64-apple-darwin17.3.0/7.3.0/:/usr/local/Cellar/gcc/7.3.0/libexec/gcc/x86_64-apple-darwin17.3.0/:/usr/local/Cellar/gcc/7.3.0/lib/gcc/7/gcc/x86_64-apple-darwin17.3.0/7.3.0/:/usr/local/Cellar/gcc/7.3.0/lib/gcc/7/gcc/x86_64-apple-darwin17.3.0/]
  ignore line: [LIBRARY_PATH=/usr/local/Cellar/gcc/7.3.0/lib/gcc/7/gcc/x86_64-apple-darwin17.3.0/7.3.0/:/usr/local/Cellar/gcc/7.3.0/lib/gcc/7/gcc/x86_64-apple-darwin17.3.0/7.3.0/../../../]
  ignore line: [COLLECT_GCC_OPTIONS='-v' '-o' 'cmTC_c45a8' '-mmacosx-version-min=10.13.4' '-asm_macosx_version_min=10.13' '-shared-libgcc' '-mtune=core2']
  link line: [ /usr/local/Cellar/gcc/7.3.0/libexec/gcc/x86_64-apple-darwin17.3.0/7.3.0/collect2 -dynamic -arch x86_64 -macosx_version_min 10.13.4 -weak_reference_mismatches non-weak -o cmTC_c45a8 -L/usr/local/Cellar/gcc/7.3.0/lib/gcc/7/gcc/x86_64-apple-darwin17.3.0/7.3.0 -L/usr/local/Cellar/gcc/7.3.0/lib/gcc/7/gcc/x86_64-apple-darwin17.3.0/7.3.0/../../.. -search_paths_first -headerpad_max_install_names -v CMakeFiles/cmTC_c45a8.dir/CMakeCXXCompilerABI.cpp.o -lstdc++ -no_compact_unwind -lSystem -lgcc_ext.10.5 -lgcc -lSystem -v]
    arg [/usr/local/Cellar/gcc/7.3.0/libexec/gcc/x86_64-apple-darwin17.3.0/7.3.0/collect2] ==> ignore
    arg [-dynamic] ==> ignore
    arg [-arch] ==> ignore
    arg [x86_64] ==> ignore
    arg [-macosx_version_min] ==> ignore
    arg [10.13.4] ==> ignore
    arg [-weak_reference_mismatches] ==> ignore
    arg [non-weak] ==> ignore
    arg [-o] ==> ignore
    arg [cmTC_c45a8] ==> ignore
    arg [-L/usr/local/Cellar/gcc/7.3.0/lib/gcc/7/gcc/x86_64-apple-darwin17.3.0/7.3.0] ==> dir [/usr/local/Cellar/gcc/7.3.0/lib/gcc/7/gcc/x86_64-apple-darwin17.3.0/7.3.0]
    arg [-L/usr/local/Cellar/gcc/7.3.0/lib/gcc/7/gcc/x86_64-apple-darwin17.3.0/7.3.0/../../..] ==> dir [/usr/local/Cellar/gcc/7.3.0/lib/gcc/7/gcc/x86_64-apple-darwin17.3.0/7.3.0/../../..]
    arg [-search_paths_first] ==> ignore
    arg [-headerpad_max_install_names] ==> ignore
    arg [-v] ==> ignore
    arg [CMakeFiles/cmTC_c45a8.dir/CMakeCXXCompilerABI.cpp.o] ==> ignore
    arg [-lstdc++] ==> lib [stdc++]
    arg [-no_compact_unwind] ==> ignore
    arg [-lSystem] ==> lib [System]
    arg [-lgcc_ext.10.5] ==> lib [gcc_ext.10.5]
    arg [-lgcc] ==> lib [gcc]
    arg [-lSystem] ==> lib [System]
    arg [-v] ==> ignore
  Library search paths: [;/usr/local/Cellar/gcc/7.3.0/lib/gcc/7/gcc/x86_64-apple-darwin17.3.0/7.3.0;/usr/local/Cellar/gcc/7.3.0/lib/gcc/7;/usr/lib;/usr/local/lib]
  Framework search paths: [;/Library/Frameworks/;/System/Library/Frameworks/]
  remove lib [System]
  remove lib [System]
  collapse library dir [/usr/local/Cellar/gcc/7.3.0/lib/gcc/7/gcc/x86_64-apple-darwin17.3.0/7.3.0] ==> [/usr/local/Cellar/gcc/7.3.0/lib/gcc/7/gcc/x86_64-apple-darwin17.3.0/7.3.0]
  collapse library dir [/usr/local/Cellar/gcc/7.3.0/lib/gcc/7/gcc/x86_64-apple-darwin17.3.0/7.3.0/../../..] ==> [/usr/local/Cellar/gcc/7.3.0/lib/gcc/7]
  collapse library dir [/usr/local/Cellar/gcc/7.3.0/lib/gcc/7/gcc/x86_64-apple-darwin17.3.0/7.3.0] ==> [/usr/local/Cellar/gcc/7.3.0/lib/gcc/7/gcc/x86_64-apple-darwin17.3.0/7.3.0]
  collapse library dir [/usr/local/Cellar/gcc/7.3.0/lib/gcc/7] ==> [/usr/local/Cellar/gcc/7.3.0/lib/gcc/7]
  collapse library dir [/usr/lib] ==> [/usr/lib]
  collapse library dir [/usr/local/lib] ==> [/usr/local/lib]
  collapse framework dir [/Library/Frameworks/] ==> [/Library/Frameworks]
  collapse framework dir [/System/Library/Frameworks/] ==> [/System/Library/Frameworks]
  implicit libs: [stdc++;gcc_ext.10.5;gcc]
  implicit dirs: [/usr/local/Cellar/gcc/7.3.0/lib/gcc/7/gcc/x86_64-apple-darwin17.3.0/7.3.0;/usr/local/Cellar/gcc/7.3.0/lib/gcc/7;/usr/lib;/usr/local/lib]
  implicit fwks: [/Library/Frameworks;/System/Library/Frameworks]




Detecting CXX [-std=c++1z] compiler features compiled with the following output:
Change Dir: /Users/geraldmas/MAS_gpu_project_corrigé/CMakeFiles/CMakeTmp

Run Build Command:"/usr/bin/make" "cmTC_dad5e/fast"
/Applications/Xcode.app/Contents/Developer/usr/bin/make -f CMakeFiles/cmTC_dad5e.dir/build.make CMakeFiles/cmTC_dad5e.dir/build
Building CXX object CMakeFiles/cmTC_dad5e.dir/feature_tests.cxx.o
/Applications/Xcode.app/Contents/Developer/Toolchains/XcodeDefault.xctoolchain/usr/bin/c++    -std=c++1z -o CMakeFiles/cmTC_dad5e.dir/feature_tests.cxx.o -c /Users/geraldmas/MAS_gpu_project_corrigé/CMakeFiles/feature_tests.cxx
Linking CXX executable cmTC_dad5e
/usr/local/Cellar/cmake/3.10.2/bin/cmake -E cmake_link_script CMakeFiles/cmTC_dad5e.dir/link.txt --verbose=1
/Applications/Xcode.app/Contents/Developer/Toolchains/XcodeDefault.xctoolchain/usr/bin/c++    -Wl,-search_paths_first -Wl,-headerpad_max_install_names   CMakeFiles/cmTC_dad5e.dir/feature_tests.cxx.o  -o cmTC_dad5e 


    Feature record: CXX_FEATURE:1cxx_aggregate_default_initializers
    Feature record: CXX_FEATURE:1cxx_alias_templates
    Feature record: CXX_FEATURE:1cxx_alignas
    Feature record: CXX_FEATURE:1cxx_alignof
    Feature record: CXX_FEATURE:1cxx_attributes
    Feature record: CXX_FEATURE:1cxx_attribute_deprecated
    Feature record: CXX_FEATURE:1cxx_auto_type
    Feature record: CXX_FEATURE:1cxx_binary_literals
    Feature record: CXX_FEATURE:1cxx_constexpr
    Feature record: CXX_FEATURE:1cxx_contextual_conversions
    Feature record: CXX_FEATURE:1cxx_decltype
    Feature record: CXX_FEATURE:1cxx_decltype_auto
    Feature record: CXX_FEATURE:1cxx_decltype_incomplete_return_types
    Feature record: CXX_FEATURE:1cxx_default_function_template_args
    Feature record: CXX_FEATURE:1cxx_defaulted_functions
    Feature record: CXX_FEATURE:1cxx_defaulted_move_initializers
    Feature record: CXX_FEATURE:1cxx_delegating_constructors
    Feature record: CXX_FEATURE:1cxx_deleted_functions
    Feature record: CXX_FEATURE:1cxx_digit_separators
    Feature record: CXX_FEATURE:1cxx_enum_forward_declarations
    Feature record: CXX_FEATURE:1cxx_explicit_conversions
    Feature record: CXX_FEATURE:1cxx_extended_friend_declarations
    Feature record: CXX_FEATURE:1cxx_extern_templates
    Feature record: CXX_FEATURE:1cxx_final
    Feature record: CXX_FEATURE:1cxx_func_identifier
    Feature record: CXX_FEATURE:1cxx_generalized_initializers
    Feature record: CXX_FEATURE:1cxx_generic_lambdas
    Feature record: CXX_FEATURE:1cxx_inheriting_constructors
    Feature record: CXX_FEATURE:1cxx_inline_namespaces
    Feature record: CXX_FEATURE:1cxx_lambdas
    Feature record: CXX_FEATURE:1cxx_lambda_init_captures
    Feature record: CXX_FEATURE:1cxx_local_type_template_args
    Feature record: CXX_FEATURE:1cxx_long_long_type
    Feature record: CXX_FEATURE:1cxx_noexcept
    Feature record: CXX_FEATURE:1cxx_nonstatic_member_init
    Feature record: CXX_FEATURE:1cxx_nullptr
    Feature record: CXX_FEATURE:1cxx_override
    Feature record: CXX_FEATURE:1cxx_range_for
    Feature record: CXX_FEATURE:1cxx_raw_string_literals
    Feature record: CXX_FEATURE:1cxx_reference_qualified_functions
    Feature record: CXX_FEATURE:1cxx_relaxed_constexpr
    Feature record: CXX_FEATURE:1cxx_return_type_deduction
    Feature record: CXX_FEATURE:1cxx_right_angle_brackets
    Feature record: CXX_FEATURE:1cxx_rvalue_references
    Feature record: CXX_FEATURE:1cxx_sizeof_member
    Feature record: CXX_FEATURE:1cxx_static_assert
    Feature record: CXX_FEATURE:1cxx_strong_enums
    Feature record: CXX_FEATURE:1cxx_template_template_parameters
    Feature record: CXX_FEATURE:1cxx_thread_local
    Feature record: CXX_FEATURE:1cxx_trailing_return_types
    Feature record: CXX_FEATURE:1cxx_unicode_literals
    Feature record: CXX_FEATURE:1cxx_uniform_initialization
    Feature record: CXX_FEATURE:1cxx_unrestricted_unions
    Feature record: CXX_FEATURE:1cxx_user_literals
    Feature record: CXX_FEATURE:1cxx_variable_templates
    Feature record: CXX_FEATURE:1cxx_variadic_macros
    Feature record: CXX_FEATURE:1cxx_variadic_templates


Detecting CXX [-std=c++14] compiler features compiled with the following output:
Change Dir: /Users/geraldmas/MAS_gpu_project_corrigé/CMakeFiles/CMakeTmp

Run Build Command:"/usr/bin/make" "cmTC_c8182/fast"
/Applications/Xcode.app/Contents/Developer/usr/bin/make -f CMakeFiles/cmTC_c8182.dir/build.make CMakeFiles/cmTC_c8182.dir/build
Building CXX object CMakeFiles/cmTC_c8182.dir/feature_tests.cxx.o
/Applications/Xcode.app/Contents/Developer/Toolchains/XcodeDefault.xctoolchain/usr/bin/c++    -std=c++14 -o CMakeFiles/cmTC_c8182.dir/feature_tests.cxx.o -c /Users/geraldmas/MAS_gpu_project_corrigé/CMakeFiles/feature_tests.cxx
Linking CXX executable cmTC_c8182
/usr/local/Cellar/cmake/3.10.2/bin/cmake -E cmake_link_script CMakeFiles/cmTC_c8182.dir/link.txt --verbose=1
/Applications/Xcode.app/Contents/Developer/Toolchains/XcodeDefault.xctoolchain/usr/bin/c++    -Wl,-search_paths_first -Wl,-headerpad_max_install_names   CMakeFiles/cmTC_c8182.dir/feature_tests.cxx.o  -o cmTC_c8182 


    Feature record: CXX_FEATURE:1cxx_aggregate_default_initializers
    Feature record: CXX_FEATURE:1cxx_alias_templates
    Feature record: CXX_FEATURE:1cxx_alignas
    Feature record: CXX_FEATURE:1cxx_alignof
    Feature record: CXX_FEATURE:1cxx_attributes
    Feature record: CXX_FEATURE:1cxx_attribute_deprecated
    Feature record: CXX_FEATURE:1cxx_auto_type
    Feature record: CXX_FEATURE:1cxx_binary_literals
    Feature record: CXX_FEATURE:1cxx_constexpr
    Feature record: CXX_FEATURE:1cxx_contextual_conversions
    Feature record: CXX_FEATURE:1cxx_decltype
    Feature record: CXX_FEATURE:1cxx_decltype_auto
    Feature record: CXX_FEATURE:1cxx_decltype_incomplete_return_types
    Feature record: CXX_FEATURE:1cxx_default_function_template_args
    Feature record: CXX_FEATURE:1cxx_defaulted_functions
    Feature record: CXX_FEATURE:1cxx_defaulted_move_initializers
    Feature record: CXX_FEATURE:1cxx_delegating_constructors
    Feature record: CXX_FEATURE:1cxx_deleted_functions
    Feature record: CXX_FEATURE:1cxx_digit_separators
    Feature record: CXX_FEATURE:1cxx_enum_forward_declarations
    Feature record: CXX_FEATURE:1cxx_explicit_conversions
    Feature record: CXX_FEATURE:1cxx_extended_friend_declarations
    Feature record: CXX_FEATURE:1cxx_extern_templates
    Feature record: CXX_FEATURE:1cxx_final
    Feature record: CXX_FEATURE:1cxx_func_identifier
    Feature record: CXX_FEATURE:1cxx_generalized_initializers
    Feature record: CXX_FEATURE:1cxx_generic_lambdas
    Feature record: CXX_FEATURE:1cxx_inheriting_constructors
    Feature record: CXX_FEATURE:1cxx_inline_namespaces
    Feature record: CXX_FEATURE:1cxx_lambdas
    Feature record: CXX_FEATURE:1cxx_lambda_init_captures
    Feature record: CXX_FEATURE:1cxx_local_type_template_args
    Feature record: CXX_FEATURE:1cxx_long_long_type
    Feature record: CXX_FEATURE:1cxx_noexcept
    Feature record: CXX_FEATURE:1cxx_nonstatic_member_init
    Feature record: CXX_FEATURE:1cxx_nullptr
    Feature record: CXX_FEATURE:1cxx_override
    Feature record: CXX_FEATURE:1cxx_range_for
    Feature record: CXX_FEATURE:1cxx_raw_string_literals
    Feature record: CXX_FEATURE:1cxx_reference_qualified_functions
    Feature record: CXX_FEATURE:1cxx_relaxed_constexpr
    Feature record: CXX_FEATURE:1cxx_return_type_deduction
    Feature record: CXX_FEATURE:1cxx_right_angle_brackets
    Feature record: CXX_FEATURE:1cxx_rvalue_references
    Feature record: CXX_FEATURE:1cxx_sizeof_member
    Feature record: CXX_FEATURE:1cxx_static_assert
    Feature record: CXX_FEATURE:1cxx_strong_enums
    Feature record: CXX_FEATURE:1cxx_template_template_parameters
    Feature record: CXX_FEATURE:1cxx_thread_local
    Feature record: CXX_FEATURE:1cxx_trailing_return_types
    Feature record: CXX_FEATURE:1cxx_unicode_literals
    Feature record: CXX_FEATURE:1cxx_uniform_initialization
    Feature record: CXX_FEATURE:1cxx_unrestricted_unions
    Feature record: CXX_FEATURE:1cxx_user_literals
    Feature record: CXX_FEATURE:1cxx_variable_templates
    Feature record: CXX_FEATURE:1cxx_variadic_macros
    Feature record: CXX_FEATURE:1cxx_variadic_templates


Detecting CXX [-std=c++11] compiler features compiled with the following output:
Change Dir: /Users/geraldmas/MAS_gpu_project_corrigé/CMakeFiles/CMakeTmp

Run Build Command:"/usr/bin/make" "cmTC_1fc81/fast"
/Applications/Xcode.app/Contents/Developer/usr/bin/make -f CMakeFiles/cmTC_1fc81.dir/build.make CMakeFiles/cmTC_1fc81.dir/build
Building CXX object CMakeFiles/cmTC_1fc81.dir/feature_tests.cxx.o
/Applications/Xcode.app/Contents/Developer/Toolchains/XcodeDefault.xctoolchain/usr/bin/c++    -std=c++11 -o CMakeFiles/cmTC_1fc81.dir/feature_tests.cxx.o -c /Users/geraldmas/MAS_gpu_project_corrigé/CMakeFiles/feature_tests.cxx
Linking CXX executable cmTC_1fc81
/usr/local/Cellar/cmake/3.10.2/bin/cmake -E cmake_link_script CMakeFiles/cmTC_1fc81.dir/link.txt --verbose=1
/Applications/Xcode.app/Contents/Developer/Toolchains/XcodeDefault.xctoolchain/usr/bin/c++    -Wl,-search_paths_first -Wl,-headerpad_max_install_names   CMakeFiles/cmTC_1fc81.dir/feature_tests.cxx.o  -o cmTC_1fc81 


    Feature record: CXX_FEATURE:0cxx_aggregate_default_initializers
    Feature record: CXX_FEATURE:1cxx_alias_templates
    Feature record: CXX_FEATURE:1cxx_alignas
    Feature record: CXX_FEATURE:1cxx_alignof
    Feature record: CXX_FEATURE:1cxx_attributes
    Feature record: CXX_FEATURE:0cxx_attribute_deprecated
    Feature record: CXX_FEATURE:1cxx_auto_type
    Feature record: CXX_FEATURE:0cxx_binary_literals
    Feature record: CXX_FEATURE:1cxx_constexpr
    Feature record: CXX_FEATURE:0cxx_contextual_conversions
    Feature record: CXX_FEATURE:1cxx_decltype
    Feature record: CXX_FEATURE:0cxx_decltype_auto
    Feature record: CXX_FEATURE:1cxx_decltype_incomplete_return_types
    Feature record: CXX_FEATURE:1cxx_default_function_template_args
    Feature record: CXX_FEATURE:1cxx_defaulted_functions
    Feature record: CXX_FEATURE:1cxx_defaulted_move_initializers
    Feature record: CXX_FEATURE:1cxx_delegating_constructors
    Feature record: CXX_FEATURE:1cxx_deleted_functions
    Feature record: CXX_FEATURE:0cxx_digit_separators
    Feature record: CXX_FEATURE:1cxx_enum_forward_declarations
    Feature record: CXX_FEATURE:1cxx_explicit_conversions
    Feature record: CXX_FEATURE:1cxx_extended_friend_declarations
    Feature record: CXX_FEATURE:1cxx_extern_templates
    Feature record: CXX_FEATURE:1cxx_final
    Feature record: CXX_FEATURE:1cxx_func_identifier
    Feature record: CXX_FEATURE:1cxx_generalized_initializers
    Feature record: CXX_FEATURE:0cxx_generic_lambdas
    Feature record: CXX_FEATURE:1cxx_inheriting_constructors
    Feature record: CXX_FEATURE:1cxx_inline_namespaces
    Feature record: CXX_FEATURE:1cxx_lambdas
    Feature record: CXX_FEATURE:0cxx_lambda_init_captures
    Feature record: CXX_FEATURE:1cxx_local_type_template_args
    Feature record: CXX_FEATURE:1cxx_long_long_type
    Feature record: CXX_FEATURE:1cxx_noexcept
    Feature record: CXX_FEATURE:1cxx_nonstatic_member_init
    Feature record: CXX_FEATURE:1cxx_nullptr
    Feature record: CXX_FEATURE:1cxx_override
    Feature record: CXX_FEATURE:1cxx_range_for
    Feature record: CXX_FEATURE:1cxx_raw_string_literals
    Feature record: CXX_FEATURE:1cxx_reference_qualified_functions
    Feature record: CXX_FEATURE:0cxx_relaxed_constexpr
    Feature record: CXX_FEATURE:0cxx_return_type_deduction
    Feature record: CXX_FEATURE:1cxx_right_angle_brackets
    Feature record: CXX_FEATURE:1cxx_rvalue_references
    Feature record: CXX_FEATURE:1cxx_sizeof_member
    Feature record: CXX_FEATURE:1cxx_static_assert
    Feature record: CXX_FEATURE:1cxx_strong_enums
    Feature record: CXX_FEATURE:1cxx_template_template_parameters
    Feature record: CXX_FEATURE:1cxx_thread_local
    Feature record: CXX_FEATURE:1cxx_trailing_return_types
    Feature record: CXX_FEATURE:1cxx_unicode_literals
    Feature record: CXX_FEATURE:1cxx_uniform_initialization
    Feature record: CXX_FEATURE:1cxx_unrestricted_unions
    Feature record: CXX_FEATURE:1cxx_user_literals
    Feature record: CXX_FEATURE:0cxx_variable_templates
    Feature record: CXX_FEATURE:1cxx_variadic_macros
    Feature record: CXX_FEATURE:1cxx_variadic_templates


Detecting CXX [-std=c++98] compiler features compiled with the following output:
Change Dir: /Users/geraldmas/MAS_gpu_project_corrigé/CMakeFiles/CMakeTmp

Run Build Command:"/usr/bin/make" "cmTC_3b12f/fast"
/Applications/Xcode.app/Contents/Developer/usr/bin/make -f CMakeFiles/cmTC_3b12f.dir/build.make CMakeFiles/cmTC_3b12f.dir/build
Building CXX object CMakeFiles/cmTC_3b12f.dir/feature_tests.cxx.o
/Applications/Xcode.app/Contents/Developer/Toolchains/XcodeDefault.xctoolchain/usr/bin/c++    -std=c++98 -o CMakeFiles/cmTC_3b12f.dir/feature_tests.cxx.o -c /Users/geraldmas/MAS_gpu_project_corrigé/CMakeFiles/feature_tests.cxx
Linking CXX executable cmTC_3b12f
/usr/local/Cellar/cmake/3.10.2/bin/cmake -E cmake_link_script CMakeFiles/cmTC_3b12f.dir/link.txt --verbose=1
/Applications/Xcode.app/Contents/Developer/Toolchains/XcodeDefault.xctoolchain/usr/bin/c++    -Wl,-search_paths_first -Wl,-headerpad_max_install_names   CMakeFiles/cmTC_3b12f.dir/feature_tests.cxx.o  -o cmTC_3b12f 


    Feature record: CXX_FEATURE:0cxx_aggregate_default_initializers
    Feature record: CXX_FEATURE:0cxx_alias_templates
    Feature record: CXX_FEATURE:0cxx_alignas
    Feature record: CXX_FEATURE:0cxx_alignof
    Feature record: CXX_FEATURE:0cxx_attributes
    Feature record: CXX_FEATURE:0cxx_attribute_deprecated
    Feature record: CXX_FEATURE:0cxx_auto_type
    Feature record: CXX_FEATURE:0cxx_binary_literals
    Feature record: CXX_FEATURE:0cxx_constexpr
    Feature record: CXX_FEATURE:0cxx_contextual_conversions
    Feature record: CXX_FEATURE:0cxx_decltype
    Feature record: CXX_FEATURE:0cxx_decltype_auto
    Feature record: CXX_FEATURE:0cxx_decltype_incomplete_return_types
    Feature record: CXX_FEATURE:0cxx_default_function_template_args
    Feature record: CXX_FEATURE:0cxx_defaulted_functions
    Feature record: CXX_FEATURE:0cxx_defaulted_move_initializers
    Feature record: CXX_FEATURE:0cxx_delegating_constructors
    Feature record: CXX_FEATURE:0cxx_deleted_functions
    Feature record: CXX_FEATURE:0cxx_digit_separators
    Feature record: CXX_FEATURE:0cxx_enum_forward_declarations
    Feature record: CXX_FEATURE:0cxx_explicit_conversions
    Feature record: CXX_FEATURE:0cxx_extended_friend_declarations
    Feature record: CXX_FEATURE:0cxx_extern_templates
    Feature record: CXX_FEATURE:0cxx_final
    Feature record: CXX_FEATURE:0cxx_func_identifier
    Feature record: CXX_FEATURE:0cxx_generalized_initializers
    Feature record: CXX_FEATURE:0cxx_generic_lambdas
    Feature record: CXX_FEATURE:0cxx_inheriting_constructors
    Feature record: CXX_FEATURE:0cxx_inline_namespaces
    Feature record: CXX_FEATURE:0cxx_lambdas
    Feature record: CXX_FEATURE:0cxx_lambda_init_captures
    Feature record: CXX_FEATURE:0cxx_local_type_template_args
    Feature record: CXX_FEATURE:0cxx_long_long_type
    Feature record: CXX_FEATURE:0cxx_noexcept
    Feature record: CXX_FEATURE:0cxx_nonstatic_member_init
    Feature record: CXX_FEATURE:0cxx_nullptr
    Feature record: CXX_FEATURE:0cxx_override
    Feature record: CXX_FEATURE:0cxx_range_for
    Feature record: CXX_FEATURE:0cxx_raw_string_literals
    Feature record: CXX_FEATURE:0cxx_reference_qualified_functions
    Feature record: CXX_FEATURE:0cxx_relaxed_constexpr
    Feature record: CXX_FEATURE:0cxx_return_type_deduction
    Feature record: CXX_FEATURE:0cxx_right_angle_brackets
    Feature record: CXX_FEATURE:0cxx_rvalue_references
    Feature record: CXX_FEATURE:0cxx_sizeof_member
    Feature record: CXX_FEATURE:0cxx_static_assert
    Feature record: CXX_FEATURE:0cxx_strong_enums
    Feature record: CXX_FEATURE:1cxx_template_template_parameters
    Feature record: CXX_FEATURE:0cxx_thread_local
    Feature record: CXX_FEATURE:0cxx_trailing_return_types
    Feature record: CXX_FEATURE:0cxx_unicode_literals
    Feature record: CXX_FEATURE:0cxx_uniform_initialization
    Feature record: CXX_FEATURE:0cxx_unrestricted_unions
    Feature record: CXX_FEATURE:0cxx_user_literals
    Feature record: CXX_FEATURE:0cxx_variable_templates
    Feature record: CXX_FEATURE:0cxx_variadic_macros
    Feature record: CXX_FEATURE:0cxx_variadic_templates
Detecting C OpenMP compiler ABI info compiled with the following output:
Change Dir: /Users/geraldmas/MAS_gpu_project_corrigé/CMakeFiles/CMakeTmp

Run Build Command:"/usr/bin/make" "cmTC_da4ea/fast"
/Applications/Xcode.app/Contents/Developer/usr/bin/make -f CMakeFiles/cmTC_da4ea.dir/build.make CMakeFiles/cmTC_da4ea.dir/build
Building C object CMakeFiles/cmTC_da4ea.dir/OpenMPTryFlag.c.o
/Applications/Xcode.app/Contents/Developer/Toolchains/XcodeDefault.xctoolchain/usr/bin/cc   -fopenmp -v   -o CMakeFiles/cmTC_da4ea.dir/OpenMPTryFlag.c.o   -c /Users/geraldmas/MAS_gpu_project_corrigé/CMakeFiles/FindOpenMP/OpenMPTryFlag.c
Using built-in specs.
COLLECT_GCC=/Applications/Xcode.app/Contents/Developer/Toolchains/XcodeDefault.xctoolchain/usr/bin/cc
Target: x86_64-apple-darwin17.3.0
Configured with: ../configure --build=x86_64-apple-darwin17.3.0 --prefix=/usr/local/Cellar/gcc/7.3.0 --libdir=/usr/local/Cellar/gcc/7.3.0/lib/gcc/7 --enable-languages=c,c++,objc,obj-c++,fortran --program-suffix=-7 --with-gmp=/usr/local/opt/gmp --with-mpfr=/usr/local/opt/mpfr --with-mpc=/usr/local/opt/libmpc --with-isl=/usr/local/opt/isl --with-system-zlib --enable-checking=release --with-pkgversion='Homebrew GCC 7.3.0' --with-bugurl=https://github.com/Homebrew/homebrew-core/issues --disable-nls
Thread model: posix
gcc version 7.3.0 (Homebrew GCC 7.3.0) 
COLLECT_GCC_OPTIONS='-fopenmp' '-v' '-o' 'CMakeFiles/cmTC_da4ea.dir/OpenMPTryFlag.c.o' '-c' '-mmacosx-version-min=10.13.4' '-asm_macosx_version_min=10.13' '-mtune=core2'
 /usr/local/Cellar/gcc/7.3.0/libexec/gcc/x86_64-apple-darwin17.3.0/7.3.0/cc1 -quiet -v -D__DYNAMIC__ /Users/geraldmas/MAS_gpu_project_corrigé/CMakeFiles/FindOpenMP/OpenMPTryFlag.c -fPIC -quiet -dumpbase OpenMPTryFlag.c -mmacosx-version-min=10.13.4 -mtune=core2 -auxbase-strip CMakeFiles/cmTC_da4ea.dir/OpenMPTryFlag.c.o -version -fopenmp -o /var/folders/6n/2bxxzn0x06nct4txhch9sv980000gn/T//ccAnP6bR.s
GNU C11 (Homebrew GCC 7.3.0) version 7.3.0 (x86_64-apple-darwin17.3.0)
	compiled by GNU C version 7.3.0, GMP version 6.1.2, MPFR version 4.0.1, MPC version 1.1.0, isl version isl-0.18-GMP

GGC heuristics: --param ggc-min-expand=100 --param ggc-min-heapsize=131072
ignoring nonexistent directory "/usr/local/Cellar/gcc/7.3.0/lib/gcc/7/gcc/x86_64-apple-darwin17.3.0/7.3.0/../../../../../../x86_64-apple-darwin17.3.0/include"
#include "..." search starts here:
#include <...> search starts here:
 /usr/local/Cellar/gcc/7.3.0/lib/gcc/7/gcc/x86_64-apple-darwin17.3.0/7.3.0/include
 /usr/local/include
 /usr/local/Cellar/gcc/7.3.0/include
 /usr/local/Cellar/gcc/7.3.0/lib/gcc/7/gcc/x86_64-apple-darwin17.3.0/7.3.0/include-fixed
 /usr/include
 /System/Library/Frameworks
 /Library/Frameworks
End of search list.
GNU C11 (Homebrew GCC 7.3.0) version 7.3.0 (x86_64-apple-darwin17.3.0)
	compiled by GNU C version 7.3.0, GMP version 6.1.2, MPFR version 4.0.1, MPC version 1.1.0, isl version isl-0.18-GMP

GGC heuristics: --param ggc-min-expand=100 --param ggc-min-heapsize=131072
Compiler executable checksum: 8e94a3aadd53da17696cde98f3452845
COLLECT_GCC_OPTIONS='-fopenmp' '-v' '-o' 'CMakeFiles/cmTC_da4ea.dir/OpenMPTryFlag.c.o' '-c' '-mmacosx-version-min=10.13.4'  '-mtune=core2'
 as -arch x86_64 -v -force_cpusubtype_ALL -mmacosx-version-min=10.13 -o CMakeFiles/cmTC_da4ea.dir/OpenMPTryFlag.c.o /var/folders/6n/2bxxzn0x06nct4txhch9sv980000gn/T//ccAnP6bR.s
Apple LLVM version 9.0.0 (clang-900.0.39.2)
Target: x86_64-apple-darwin17.4.0
Thread model: posix
InstalledDir: /Applications/Xcode.app/Contents/Developer/Toolchains/XcodeDefault.xctoolchain/usr/bin
 "/Applications/Xcode.app/Contents/Developer/Toolchains/XcodeDefault.xctoolchain/usr/bin/clang" -cc1as -triple x86_64-apple-macosx10.13.0 -filetype obj -main-file-name ccAnP6bR.s -target-cpu penryn -fdebug-compilation-dir /Users/geraldmas/MAS_gpu_project_corrigé/CMakeFiles/CMakeTmp -dwarf-debug-producer Apple LLVM version 9.0.0 (clang-900.0.39.2) -dwarf-version=4 -mrelocation-model pic -o CMakeFiles/cmTC_da4ea.dir/OpenMPTryFlag.c.o /var/folders/6n/2bxxzn0x06nct4txhch9sv980000gn/T//ccAnP6bR.s
COMPILER_PATH=/usr/local/Cellar/gcc/7.3.0/libexec/gcc/x86_64-apple-darwin17.3.0/7.3.0/:/usr/local/Cellar/gcc/7.3.0/libexec/gcc/x86_64-apple-darwin17.3.0/7.3.0/:/usr/local/Cellar/gcc/7.3.0/libexec/gcc/x86_64-apple-darwin17.3.0/:/usr/local/Cellar/gcc/7.3.0/lib/gcc/7/gcc/x86_64-apple-darwin17.3.0/7.3.0/:/usr/local/Cellar/gcc/7.3.0/lib/gcc/7/gcc/x86_64-apple-darwin17.3.0/
LIBRARY_PATH=/usr/local/Cellar/gcc/7.3.0/lib/gcc/7/gcc/x86_64-apple-darwin17.3.0/7.3.0/:/usr/local/Cellar/gcc/7.3.0/lib/gcc/7/gcc/x86_64-apple-darwin17.3.0/7.3.0/../../../
COLLECT_GCC_OPTIONS='-fopenmp' '-v' '-o' 'CMakeFiles/cmTC_da4ea.dir/OpenMPTryFlag.c.o' '-c' '-mmacosx-version-min=10.13.4'  '-mtune=core2'
Linking C executable cmTC_da4ea
/usr/local/Cellar/cmake/3.10.2/bin/cmake -E cmake_link_script CMakeFiles/cmTC_da4ea.dir/link.txt --verbose=1
/Applications/Xcode.app/Contents/Developer/Toolchains/XcodeDefault.xctoolchain/usr/bin/cc  -fopenmp -v -Wl,-search_paths_first -Wl,-headerpad_max_install_names   CMakeFiles/cmTC_da4ea.dir/OpenMPTryFlag.c.o  -o cmTC_da4ea -v -Wl,-v 
Using built-in specs.
COLLECT_GCC=/Applications/Xcode.app/Contents/Developer/Toolchains/XcodeDefault.xctoolchain/usr/bin/cc
COLLECT_LTO_WRAPPER=/usr/local/Cellar/gcc/7.3.0/libexec/gcc/x86_64-apple-darwin17.3.0/7.3.0/lto-wrapper
Target: x86_64-apple-darwin17.3.0
Configured with: ../configure --build=x86_64-apple-darwin17.3.0 --prefix=/usr/local/Cellar/gcc/7.3.0 --libdir=/usr/local/Cellar/gcc/7.3.0/lib/gcc/7 --enable-languages=c,c++,objc,obj-c++,fortran --program-suffix=-7 --with-gmp=/usr/local/opt/gmp --with-mpfr=/usr/local/opt/mpfr --with-mpc=/usr/local/opt/libmpc --with-isl=/usr/local/opt/isl --with-system-zlib --enable-checking=release --with-pkgversion='Homebrew GCC 7.3.0' --with-bugurl=https://github.com/Homebrew/homebrew-core/issues --disable-nls
Thread model: posix
gcc version 7.3.0 (Homebrew GCC 7.3.0) 
COMPILER_PATH=/usr/local/Cellar/gcc/7.3.0/libexec/gcc/x86_64-apple-darwin17.3.0/7.3.0/:/usr/local/Cellar/gcc/7.3.0/libexec/gcc/x86_64-apple-darwin17.3.0/7.3.0/:/usr/local/Cellar/gcc/7.3.0/libexec/gcc/x86_64-apple-darwin17.3.0/:/usr/local/Cellar/gcc/7.3.0/lib/gcc/7/gcc/x86_64-apple-darwin17.3.0/7.3.0/:/usr/local/Cellar/gcc/7.3.0/lib/gcc/7/gcc/x86_64-apple-darwin17.3.0/
LIBRARY_PATH=/usr/local/Cellar/gcc/7.3.0/lib/gcc/7/gcc/x86_64-apple-darwin17.3.0/7.3.0/:/usr/local/Cellar/gcc/7.3.0/lib/gcc/7/gcc/x86_64-apple-darwin17.3.0/7.3.0/../../../
COLLECT_GCC_OPTIONS='-fopenmp' '-v' '-o' 'cmTC_da4ea' '-v' '-mmacosx-version-min=10.13.4' '-asm_macosx_version_min=10.13' '-mtune=core2'
 /usr/local/Cellar/gcc/7.3.0/libexec/gcc/x86_64-apple-darwin17.3.0/7.3.0/collect2 -dynamic -arch x86_64 -macosx_version_min 10.13.4 -weak_reference_mismatches non-weak -o cmTC_da4ea -L/usr/local/Cellar/gcc/7.3.0/lib/gcc/7/gcc/x86_64-apple-darwin17.3.0/7.3.0 -L/usr/local/Cellar/gcc/7.3.0/lib/gcc/7/gcc/x86_64-apple-darwin17.3.0/7.3.0/../../.. -search_paths_first -headerpad_max_install_names CMakeFiles/cmTC_da4ea.dir/OpenMPTryFlag.c.o -v -lgomp -no_compact_unwind -lSystem -lgcc_ext.10.5 -lgcc -lSystem -v -v
collect2 version 7.3.0
/usr/bin/ld -dynamic -arch x86_64 -macosx_version_min 10.13.4 -weak_reference_mismatches non-weak -o cmTC_da4ea -L/usr/local/Cellar/gcc/7.3.0/lib/gcc/7/gcc/x86_64-apple-darwin17.3.0/7.3.0 -L/usr/local/Cellar/gcc/7.3.0/lib/gcc/7/gcc/x86_64-apple-darwin17.3.0/7.3.0/../../.. -search_paths_first -headerpad_max_install_names CMakeFiles/cmTC_da4ea.dir/OpenMPTryFlag.c.o -v -lgomp -no_compact_unwind -lSystem -lgcc_ext.10.5 -lgcc -lSystem -v -v
@(#)PROGRAM:ld  PROJECT:ld64-305
configured to support archs: armv6 armv7 armv7s arm64 i386 x86_64 x86_64h armv6m armv7k armv7m armv7em (tvOS)
@(#)PROGRAM:ld  PROJECT:ld64-305
configured to support archs: armv6 armv7 armv7s arm64 i386 x86_64 x86_64h armv6m armv7k armv7m armv7em (tvOS)
@(#)PROGRAM:ld  PROJECT:ld64-305
configured to support archs: armv6 armv7 armv7s arm64 i386 x86_64 x86_64h armv6m armv7k armv7m armv7em (tvOS)
Library search paths:
	/usr/local/Cellar/gcc/7.3.0/lib/gcc/7/gcc/x86_64-apple-darwin17.3.0/7.3.0
	/usr/local/Cellar/gcc/7.3.0/lib/gcc/7
	/usr/lib
	/usr/local/lib
Framework search paths:
	/Library/Frameworks/
	/System/Library/Frameworks/
 /usr/bin/nm -n CMakeFiles/cmTC_da4ea.dir/OpenMPTryFlag.c.o


Parsed C OpenMP implicit link information from above output:
  link line regex: [^( *|.*[/\])(ld|CMAKE_LINK_STARTFILE-NOTFOUND|([^/\]+-)?ld|collect2)[^/\]*( |$)]
  ignore line: [Change Dir: /Users/geraldmas/MAS_gpu_project_corrigé/CMakeFiles/CMakeTmp]
  ignore line: []
  ignore line: [Run Build Command:"/usr/bin/make" "cmTC_da4ea/fast"]
  ignore line: [/Applications/Xcode.app/Contents/Developer/usr/bin/make -f CMakeFiles/cmTC_da4ea.dir/build.make CMakeFiles/cmTC_da4ea.dir/build]
  ignore line: [Building C object CMakeFiles/cmTC_da4ea.dir/OpenMPTryFlag.c.o]
  ignore line: [/Applications/Xcode.app/Contents/Developer/Toolchains/XcodeDefault.xctoolchain/usr/bin/cc   -fopenmp -v   -o CMakeFiles/cmTC_da4ea.dir/OpenMPTryFlag.c.o   -c /Users/geraldmas/MAS_gpu_project_corrigé/CMakeFiles/FindOpenMP/OpenMPTryFlag.c]
  ignore line: [Using built-in specs.]
  ignore line: [COLLECT_GCC=/Applications/Xcode.app/Contents/Developer/Toolchains/XcodeDefault.xctoolchain/usr/bin/cc]
  ignore line: [Target: x86_64-apple-darwin17.3.0]
  ignore line: [Configured with: ../configure --build=x86_64-apple-darwin17.3.0 --prefix=/usr/local/Cellar/gcc/7.3.0 --libdir=/usr/local/Cellar/gcc/7.3.0/lib/gcc/7 --enable-languages=c,c++,objc,obj-c++,fortran --program-suffix=-7 --with-gmp=/usr/local/opt/gmp --with-mpfr=/usr/local/opt/mpfr --with-mpc=/usr/local/opt/libmpc --with-isl=/usr/local/opt/isl --with-system-zlib --enable-checking=release --with-pkgversion='Homebrew GCC 7.3.0' --with-bugurl=https://github.com/Homebrew/homebrew-core/issues --disable-nls]
  ignore line: [Thread model: posix]
  ignore line: [gcc version 7.3.0 (Homebrew GCC 7.3.0) ]
  ignore line: [COLLECT_GCC_OPTIONS='-fopenmp' '-v' '-o' 'CMakeFiles/cmTC_da4ea.dir/OpenMPTryFlag.c.o' '-c' '-mmacosx-version-min=10.13.4' '-asm_macosx_version_min=10.13' '-mtune=core2']
  ignore line: [ /usr/local/Cellar/gcc/7.3.0/libexec/gcc/x86_64-apple-darwin17.3.0/7.3.0/cc1 -quiet -v -D__DYNAMIC__ /Users/geraldmas/MAS_gpu_project_corrigé/CMakeFiles/FindOpenMP/OpenMPTryFlag.c -fPIC -quiet -dumpbase OpenMPTryFlag.c -mmacosx-version-min=10.13.4 -mtune=core2 -auxbase-strip CMakeFiles/cmTC_da4ea.dir/OpenMPTryFlag.c.o -version -fopenmp -o /var/folders/6n/2bxxzn0x06nct4txhch9sv980000gn/T//ccAnP6bR.s]
  ignore line: [GNU C11 (Homebrew GCC 7.3.0) version 7.3.0 (x86_64-apple-darwin17.3.0)]
  ignore line: [	compiled by GNU C version 7.3.0, GMP version 6.1.2, MPFR version 4.0.1, MPC version 1.1.0, isl version isl-0.18-GMP]
  ignore line: []
  ignore line: [GGC heuristics: --param ggc-min-expand=100 --param ggc-min-heapsize=131072]
  ignore line: [ignoring nonexistent directory "/usr/local/Cellar/gcc/7.3.0/lib/gcc/7/gcc/x86_64-apple-darwin17.3.0/7.3.0/../../../../../../x86_64-apple-darwin17.3.0/include"]
  ignore line: [#include "..." search starts here:]
  ignore line: [#include <...> search starts here:]
  ignore line: [ /usr/local/Cellar/gcc/7.3.0/lib/gcc/7/gcc/x86_64-apple-darwin17.3.0/7.3.0/include]
  ignore line: [ /usr/local/include]
  ignore line: [ /usr/local/Cellar/gcc/7.3.0/include]
  ignore line: [ /usr/local/Cellar/gcc/7.3.0/lib/gcc/7/gcc/x86_64-apple-darwin17.3.0/7.3.0/include-fixed]
  ignore line: [ /usr/include]
  ignore line: [ /System/Library/Frameworks]
  ignore line: [ /Library/Frameworks]
  ignore line: [End of search list.]
  ignore line: [GNU C11 (Homebrew GCC 7.3.0) version 7.3.0 (x86_64-apple-darwin17.3.0)]
  ignore line: [	compiled by GNU C version 7.3.0, GMP version 6.1.2, MPFR version 4.0.1, MPC version 1.1.0, isl version isl-0.18-GMP]
  ignore line: []
  ignore line: [GGC heuristics: --param ggc-min-expand=100 --param ggc-min-heapsize=131072]
  ignore line: [Compiler executable checksum: 8e94a3aadd53da17696cde98f3452845]
  ignore line: [COLLECT_GCC_OPTIONS='-fopenmp' '-v' '-o' 'CMakeFiles/cmTC_da4ea.dir/OpenMPTryFlag.c.o' '-c' '-mmacosx-version-min=10.13.4'  '-mtune=core2']
  ignore line: [ as -arch x86_64 -v -force_cpusubtype_ALL -mmacosx-version-min=10.13 -o CMakeFiles/cmTC_da4ea.dir/OpenMPTryFlag.c.o /var/folders/6n/2bxxzn0x06nct4txhch9sv980000gn/T//ccAnP6bR.s]
  ignore line: [Apple LLVM version 9.0.0 (clang-900.0.39.2)]
  ignore line: [Target: x86_64-apple-darwin17.4.0]
  ignore line: [Thread model: posix]
  ignore line: [InstalledDir: /Applications/Xcode.app/Contents/Developer/Toolchains/XcodeDefault.xctoolchain/usr/bin]
  ignore line: [ "/Applications/Xcode.app/Contents/Developer/Toolchains/XcodeDefault.xctoolchain/usr/bin/clang" -cc1as -triple x86_64-apple-macosx10.13.0 -filetype obj -main-file-name ccAnP6bR.s -target-cpu penryn -fdebug-compilation-dir /Users/geraldmas/MAS_gpu_project_corrigé/CMakeFiles/CMakeTmp -dwarf-debug-producer Apple LLVM version 9.0.0 (clang-900.0.39.2) -dwarf-version=4 -mrelocation-model pic -o CMakeFiles/cmTC_da4ea.dir/OpenMPTryFlag.c.o /var/folders/6n/2bxxzn0x06nct4txhch9sv980000gn/T//ccAnP6bR.s]
  ignore line: [COMPILER_PATH=/usr/local/Cellar/gcc/7.3.0/libexec/gcc/x86_64-apple-darwin17.3.0/7.3.0/:/usr/local/Cellar/gcc/7.3.0/libexec/gcc/x86_64-apple-darwin17.3.0/7.3.0/:/usr/local/Cellar/gcc/7.3.0/libexec/gcc/x86_64-apple-darwin17.3.0/:/usr/local/Cellar/gcc/7.3.0/lib/gcc/7/gcc/x86_64-apple-darwin17.3.0/7.3.0/:/usr/local/Cellar/gcc/7.3.0/lib/gcc/7/gcc/x86_64-apple-darwin17.3.0/]
  ignore line: [LIBRARY_PATH=/usr/local/Cellar/gcc/7.3.0/lib/gcc/7/gcc/x86_64-apple-darwin17.3.0/7.3.0/:/usr/local/Cellar/gcc/7.3.0/lib/gcc/7/gcc/x86_64-apple-darwin17.3.0/7.3.0/../../../]
  ignore line: [COLLECT_GCC_OPTIONS='-fopenmp' '-v' '-o' 'CMakeFiles/cmTC_da4ea.dir/OpenMPTryFlag.c.o' '-c' '-mmacosx-version-min=10.13.4'  '-mtune=core2']
  ignore line: [Linking C executable cmTC_da4ea]
  ignore line: [/usr/local/Cellar/cmake/3.10.2/bin/cmake -E cmake_link_script CMakeFiles/cmTC_da4ea.dir/link.txt --verbose=1]
  ignore line: [/Applications/Xcode.app/Contents/Developer/Toolchains/XcodeDefault.xctoolchain/usr/bin/cc  -fopenmp -v -Wl,-search_paths_first -Wl,-headerpad_max_install_names   CMakeFiles/cmTC_da4ea.dir/OpenMPTryFlag.c.o  -o cmTC_da4ea -v -Wl,-v ]
  ignore line: [Using built-in specs.]
  ignore line: [COLLECT_GCC=/Applications/Xcode.app/Contents/Developer/Toolchains/XcodeDefault.xctoolchain/usr/bin/cc]
  ignore line: [COLLECT_LTO_WRAPPER=/usr/local/Cellar/gcc/7.3.0/libexec/gcc/x86_64-apple-darwin17.3.0/7.3.0/lto-wrapper]
  ignore line: [Target: x86_64-apple-darwin17.3.0]
  ignore line: [Configured with: ../configure --build=x86_64-apple-darwin17.3.0 --prefix=/usr/local/Cellar/gcc/7.3.0 --libdir=/usr/local/Cellar/gcc/7.3.0/lib/gcc/7 --enable-languages=c,c++,objc,obj-c++,fortran --program-suffix=-7 --with-gmp=/usr/local/opt/gmp --with-mpfr=/usr/local/opt/mpfr --with-mpc=/usr/local/opt/libmpc --with-isl=/usr/local/opt/isl --with-system-zlib --enable-checking=release --with-pkgversion='Homebrew GCC 7.3.0' --with-bugurl=https://github.com/Homebrew/homebrew-core/issues --disable-nls]
  ignore line: [Thread model: posix]
  ignore line: [gcc version 7.3.0 (Homebrew GCC 7.3.0) ]
  ignore line: [COMPILER_PATH=/usr/local/Cellar/gcc/7.3.0/libexec/gcc/x86_64-apple-darwin17.3.0/7.3.0/:/usr/local/Cellar/gcc/7.3.0/libexec/gcc/x86_64-apple-darwin17.3.0/7.3.0/:/usr/local/Cellar/gcc/7.3.0/libexec/gcc/x86_64-apple-darwin17.3.0/:/usr/local/Cellar/gcc/7.3.0/lib/gcc/7/gcc/x86_64-apple-darwin17.3.0/7.3.0/:/usr/local/Cellar/gcc/7.3.0/lib/gcc/7/gcc/x86_64-apple-darwin17.3.0/]
  ignore line: [LIBRARY_PATH=/usr/local/Cellar/gcc/7.3.0/lib/gcc/7/gcc/x86_64-apple-darwin17.3.0/7.3.0/:/usr/local/Cellar/gcc/7.3.0/lib/gcc/7/gcc/x86_64-apple-darwin17.3.0/7.3.0/../../../]
  ignore line: [COLLECT_GCC_OPTIONS='-fopenmp' '-v' '-o' 'cmTC_da4ea' '-v' '-mmacosx-version-min=10.13.4' '-asm_macosx_version_min=10.13' '-mtune=core2']
  link line: [ /usr/local/Cellar/gcc/7.3.0/libexec/gcc/x86_64-apple-darwin17.3.0/7.3.0/collect2 -dynamic -arch x86_64 -macosx_version_min 10.13.4 -weak_reference_mismatches non-weak -o cmTC_da4ea -L/usr/local/Cellar/gcc/7.3.0/lib/gcc/7/gcc/x86_64-apple-darwin17.3.0/7.3.0 -L/usr/local/Cellar/gcc/7.3.0/lib/gcc/7/gcc/x86_64-apple-darwin17.3.0/7.3.0/../../.. -search_paths_first -headerpad_max_install_names CMakeFiles/cmTC_da4ea.dir/OpenMPTryFlag.c.o -v -lgomp -no_compact_unwind -lSystem -lgcc_ext.10.5 -lgcc -lSystem -v -v]
    arg [/usr/local/Cellar/gcc/7.3.0/libexec/gcc/x86_64-apple-darwin17.3.0/7.3.0/collect2] ==> ignore
    arg [-dynamic] ==> ignore
    arg [-arch] ==> ignore
    arg [x86_64] ==> ignore
    arg [-macosx_version_min] ==> ignore
    arg [10.13.4] ==> ignore
    arg [-weak_reference_mismatches] ==> ignore
    arg [non-weak] ==> ignore
    arg [-o] ==> ignore
    arg [cmTC_da4ea] ==> ignore
    arg [-L/usr/local/Cellar/gcc/7.3.0/lib/gcc/7/gcc/x86_64-apple-darwin17.3.0/7.3.0] ==> dir [/usr/local/Cellar/gcc/7.3.0/lib/gcc/7/gcc/x86_64-apple-darwin17.3.0/7.3.0]
    arg [-L/usr/local/Cellar/gcc/7.3.0/lib/gcc/7/gcc/x86_64-apple-darwin17.3.0/7.3.0/../../..] ==> dir [/usr/local/Cellar/gcc/7.3.0/lib/gcc/7/gcc/x86_64-apple-darwin17.3.0/7.3.0/../../..]
    arg [-search_paths_first] ==> ignore
    arg [-headerpad_max_install_names] ==> ignore
    arg [CMakeFiles/cmTC_da4ea.dir/OpenMPTryFlag.c.o] ==> ignore
    arg [-v] ==> ignore
    arg [-lgomp] ==> lib [gomp]
    arg [-no_compact_unwind] ==> ignore
    arg [-lSystem] ==> lib [System]
    arg [-lgcc_ext.10.5] ==> lib [gcc_ext.10.5]
    arg [-lgcc] ==> lib [gcc]
    arg [-lSystem] ==> lib [System]
    arg [-v] ==> ignore
    arg [-v] ==> ignore
  Library search paths: [;/usr/local/Cellar/gcc/7.3.0/lib/gcc/7/gcc/x86_64-apple-darwin17.3.0/7.3.0;/usr/local/Cellar/gcc/7.3.0/lib/gcc/7;/usr/lib;/usr/local/lib]
  Framework search paths: [;/Library/Frameworks/;/System/Library/Frameworks/]
  remove lib [System]
  remove lib [System]
  collapse library dir [/usr/local/Cellar/gcc/7.3.0/lib/gcc/7/gcc/x86_64-apple-darwin17.3.0/7.3.0] ==> [/usr/local/Cellar/gcc/7.3.0/lib/gcc/7/gcc/x86_64-apple-darwin17.3.0/7.3.0]
  collapse library dir [/usr/local/Cellar/gcc/7.3.0/lib/gcc/7/gcc/x86_64-apple-darwin17.3.0/7.3.0/../../..] ==> [/usr/local/Cellar/gcc/7.3.0/lib/gcc/7]
  collapse library dir [/usr/local/Cellar/gcc/7.3.0/lib/gcc/7/gcc/x86_64-apple-darwin17.3.0/7.3.0] ==> [/usr/local/Cellar/gcc/7.3.0/lib/gcc/7/gcc/x86_64-apple-darwin17.3.0/7.3.0]
  collapse library dir [/usr/local/Cellar/gcc/7.3.0/lib/gcc/7] ==> [/usr/local/Cellar/gcc/7.3.0/lib/gcc/7]
  collapse library dir [/usr/lib] ==> [/usr/lib]
  collapse library dir [/usr/local/lib] ==> [/usr/local/lib]
  collapse framework dir [/Library/Frameworks/] ==> [/Library/Frameworks]
  collapse framework dir [/System/Library/Frameworks/] ==> [/System/Library/Frameworks]
  implicit libs: [gomp;gcc_ext.10.5;gcc]
  implicit dirs: [/usr/local/Cellar/gcc/7.3.0/lib/gcc/7/gcc/x86_64-apple-darwin17.3.0/7.3.0;/usr/local/Cellar/gcc/7.3.0/lib/gcc/7;/usr/lib;/usr/local/lib]
  implicit fwks: [/Library/Frameworks;/System/Library/Frameworks]


Detecting CXX OpenMP compiler ABI info compiled with the following output:
Change Dir: /Users/geraldmas/MAS_gpu_project_corrigé/CMakeFiles/CMakeTmp

Run Build Command:"/usr/bin/make" "cmTC_659a6/fast"
/Applications/Xcode.app/Contents/Developer/usr/bin/make -f CMakeFiles/cmTC_659a6.dir/build.make CMakeFiles/cmTC_659a6.dir/build
Building CXX object CMakeFiles/cmTC_659a6.dir/OpenMPTryFlag.cpp.o
/Applications/Xcode.app/Contents/Developer/Toolchains/XcodeDefault.xctoolchain/usr/bin/c++    -fopenmp -v   -o CMakeFiles/cmTC_659a6.dir/OpenMPTryFlag.cpp.o -c /Users/geraldmas/MAS_gpu_project_corrigé/CMakeFiles/FindOpenMP/OpenMPTryFlag.cpp
Using built-in specs.
COLLECT_GCC=/Applications/Xcode.app/Contents/Developer/Toolchains/XcodeDefault.xctoolchain/usr/bin/c++
Target: x86_64-apple-darwin17.3.0
Configured with: ../configure --build=x86_64-apple-darwin17.3.0 --prefix=/usr/local/Cellar/gcc/7.3.0 --libdir=/usr/local/Cellar/gcc/7.3.0/lib/gcc/7 --enable-languages=c,c++,objc,obj-c++,fortran --program-suffix=-7 --with-gmp=/usr/local/opt/gmp --with-mpfr=/usr/local/opt/mpfr --with-mpc=/usr/local/opt/libmpc --with-isl=/usr/local/opt/isl --with-system-zlib --enable-checking=release --with-pkgversion='Homebrew GCC 7.3.0' --with-bugurl=https://github.com/Homebrew/homebrew-core/issues --disable-nls
Thread model: posix
gcc version 7.3.0 (Homebrew GCC 7.3.0) 
COLLECT_GCC_OPTIONS='-fopenmp' '-v' '-o' 'CMakeFiles/cmTC_659a6.dir/OpenMPTryFlag.cpp.o' '-c' '-mmacosx-version-min=10.13.4' '-asm_macosx_version_min=10.13' '-shared-libgcc' '-mtune=core2'
 /usr/local/Cellar/gcc/7.3.0/libexec/gcc/x86_64-apple-darwin17.3.0/7.3.0/cc1plus -quiet -v -D__DYNAMIC__ /Users/geraldmas/MAS_gpu_project_corrigé/CMakeFiles/FindOpenMP/OpenMPTryFlag.cpp -fPIC -quiet -dumpbase OpenMPTryFlag.cpp -mmacosx-version-min=10.13.4 -mtune=core2 -auxbase-strip CMakeFiles/cmTC_659a6.dir/OpenMPTryFlag.cpp.o -version -fopenmp -o /var/folders/6n/2bxxzn0x06nct4txhch9sv980000gn/T//ccBRnyUk.s
GNU C++14 (Homebrew GCC 7.3.0) version 7.3.0 (x86_64-apple-darwin17.3.0)
	compiled by GNU C version 7.3.0, GMP version 6.1.2, MPFR version 4.0.1, MPC version 1.1.0, isl version isl-0.18-GMP

GGC heuristics: --param ggc-min-expand=100 --param ggc-min-heapsize=131072
ignoring nonexistent directory "/usr/local/Cellar/gcc/7.3.0/lib/gcc/7/gcc/x86_64-apple-darwin17.3.0/7.3.0/../../../../../../x86_64-apple-darwin17.3.0/include"
#include "..." search starts here:
#include <...> search starts here:
 /usr/local/Cellar/gcc/7.3.0/lib/gcc/7/gcc/x86_64-apple-darwin17.3.0/7.3.0/../../../../../../include/c++/7.3.0
 /usr/local/Cellar/gcc/7.3.0/lib/gcc/7/gcc/x86_64-apple-darwin17.3.0/7.3.0/../../../../../../include/c++/7.3.0/x86_64-apple-darwin17.3.0
 /usr/local/Cellar/gcc/7.3.0/lib/gcc/7/gcc/x86_64-apple-darwin17.3.0/7.3.0/../../../../../../include/c++/7.3.0/backward
 /usr/local/Cellar/gcc/7.3.0/lib/gcc/7/gcc/x86_64-apple-darwin17.3.0/7.3.0/include
 /usr/local/include
 /usr/local/Cellar/gcc/7.3.0/include
 /usr/local/Cellar/gcc/7.3.0/lib/gcc/7/gcc/x86_64-apple-darwin17.3.0/7.3.0/include-fixed
 /usr/include
 /System/Library/Frameworks
 /Library/Frameworks
End of search list.
GNU C++14 (Homebrew GCC 7.3.0) version 7.3.0 (x86_64-apple-darwin17.3.0)
	compiled by GNU C version 7.3.0, GMP version 6.1.2, MPFR version 4.0.1, MPC version 1.1.0, isl version isl-0.18-GMP

GGC heuristics: --param ggc-min-expand=100 --param ggc-min-heapsize=131072
Compiler executable checksum: 531e403c4b5b741f34809856f1ecab5b
COLLECT_GCC_OPTIONS='-fopenmp' '-v' '-o' 'CMakeFiles/cmTC_659a6.dir/OpenMPTryFlag.cpp.o' '-c' '-mmacosx-version-min=10.13.4'  '-shared-libgcc' '-mtune=core2'
 as -arch x86_64 -v -force_cpusubtype_ALL -mmacosx-version-min=10.13 -o CMakeFiles/cmTC_659a6.dir/OpenMPTryFlag.cpp.o /var/folders/6n/2bxxzn0x06nct4txhch9sv980000gn/T//ccBRnyUk.s
Apple LLVM version 9.0.0 (clang-900.0.39.2)
Target: x86_64-apple-darwin17.4.0
Thread model: posix
InstalledDir: /Applications/Xcode.app/Contents/Developer/Toolchains/XcodeDefault.xctoolchain/usr/bin
 "/Applications/Xcode.app/Contents/Developer/Toolchains/XcodeDefault.xctoolchain/usr/bin/clang" -cc1as -triple x86_64-apple-macosx10.13.0 -filetype obj -main-file-name ccBRnyUk.s -target-cpu penryn -fdebug-compilation-dir /Users/geraldmas/MAS_gpu_project_corrigé/CMakeFiles/CMakeTmp -dwarf-debug-producer Apple LLVM version 9.0.0 (clang-900.0.39.2) -dwarf-version=4 -mrelocation-model pic -o CMakeFiles/cmTC_659a6.dir/OpenMPTryFlag.cpp.o /var/folders/6n/2bxxzn0x06nct4txhch9sv980000gn/T//ccBRnyUk.s
COMPILER_PATH=/usr/local/Cellar/gcc/7.3.0/libexec/gcc/x86_64-apple-darwin17.3.0/7.3.0/:/usr/local/Cellar/gcc/7.3.0/libexec/gcc/x86_64-apple-darwin17.3.0/7.3.0/:/usr/local/Cellar/gcc/7.3.0/libexec/gcc/x86_64-apple-darwin17.3.0/:/usr/local/Cellar/gcc/7.3.0/lib/gcc/7/gcc/x86_64-apple-darwin17.3.0/7.3.0/:/usr/local/Cellar/gcc/7.3.0/lib/gcc/7/gcc/x86_64-apple-darwin17.3.0/
LIBRARY_PATH=/usr/local/Cellar/gcc/7.3.0/lib/gcc/7/gcc/x86_64-apple-darwin17.3.0/7.3.0/:/usr/local/Cellar/gcc/7.3.0/lib/gcc/7/gcc/x86_64-apple-darwin17.3.0/7.3.0/../../../
COLLECT_GCC_OPTIONS='-fopenmp' '-v' '-o' 'CMakeFiles/cmTC_659a6.dir/OpenMPTryFlag.cpp.o' '-c' '-mmacosx-version-min=10.13.4'  '-shared-libgcc' '-mtune=core2'
Linking CXX executable cmTC_659a6
/usr/local/Cellar/cmake/3.10.2/bin/cmake -E cmake_link_script CMakeFiles/cmTC_659a6.dir/link.txt --verbose=1
/Applications/Xcode.app/Contents/Developer/Toolchains/XcodeDefault.xctoolchain/usr/bin/c++   -fopenmp -v -Wl,-search_paths_first -Wl,-headerpad_max_install_names   CMakeFiles/cmTC_659a6.dir/OpenMPTryFlag.cpp.o  -o cmTC_659a6 -v -Wl,-v 
Using built-in specs.
COLLECT_GCC=/Applications/Xcode.app/Contents/Developer/Toolchains/XcodeDefault.xctoolchain/usr/bin/c++
COLLECT_LTO_WRAPPER=/usr/local/Cellar/gcc/7.3.0/libexec/gcc/x86_64-apple-darwin17.3.0/7.3.0/lto-wrapper
Target: x86_64-apple-darwin17.3.0
Configured with: ../configure --build=x86_64-apple-darwin17.3.0 --prefix=/usr/local/Cellar/gcc/7.3.0 --libdir=/usr/local/Cellar/gcc/7.3.0/lib/gcc/7 --enable-languages=c,c++,objc,obj-c++,fortran --program-suffix=-7 --with-gmp=/usr/local/opt/gmp --with-mpfr=/usr/local/opt/mpfr --with-mpc=/usr/local/opt/libmpc --with-isl=/usr/local/opt/isl --with-system-zlib --enable-checking=release --with-pkgversion='Homebrew GCC 7.3.0' --with-bugurl=https://github.com/Homebrew/homebrew-core/issues --disable-nls
Thread model: posix
gcc version 7.3.0 (Homebrew GCC 7.3.0) 
COMPILER_PATH=/usr/local/Cellar/gcc/7.3.0/libexec/gcc/x86_64-apple-darwin17.3.0/7.3.0/:/usr/local/Cellar/gcc/7.3.0/libexec/gcc/x86_64-apple-darwin17.3.0/7.3.0/:/usr/local/Cellar/gcc/7.3.0/libexec/gcc/x86_64-apple-darwin17.3.0/:/usr/local/Cellar/gcc/7.3.0/lib/gcc/7/gcc/x86_64-apple-darwin17.3.0/7.3.0/:/usr/local/Cellar/gcc/7.3.0/lib/gcc/7/gcc/x86_64-apple-darwin17.3.0/
LIBRARY_PATH=/usr/local/Cellar/gcc/7.3.0/lib/gcc/7/gcc/x86_64-apple-darwin17.3.0/7.3.0/:/usr/local/Cellar/gcc/7.3.0/lib/gcc/7/gcc/x86_64-apple-darwin17.3.0/7.3.0/../../../
COLLECT_GCC_OPTIONS='-fopenmp' '-v' '-o' 'cmTC_659a6' '-v' '-mmacosx-version-min=10.13.4' '-asm_macosx_version_min=10.13' '-shared-libgcc' '-mtune=core2'
 /usr/local/Cellar/gcc/7.3.0/libexec/gcc/x86_64-apple-darwin17.3.0/7.3.0/collect2 -dynamic -arch x86_64 -macosx_version_min 10.13.4 -weak_reference_mismatches non-weak -o cmTC_659a6 -L/usr/local/Cellar/gcc/7.3.0/lib/gcc/7/gcc/x86_64-apple-darwin17.3.0/7.3.0 -L/usr/local/Cellar/gcc/7.3.0/lib/gcc/7/gcc/x86_64-apple-darwin17.3.0/7.3.0/../../.. -search_paths_first -headerpad_max_install_names CMakeFiles/cmTC_659a6.dir/OpenMPTryFlag.cpp.o -v -lstdc++ -lgomp -no_compact_unwind -lSystem -lgcc_ext.10.5 -lgcc -lSystem -v -v
collect2 version 7.3.0
/usr/bin/ld -dynamic -arch x86_64 -macosx_version_min 10.13.4 -weak_reference_mismatches non-weak -o cmTC_659a6 -L/usr/local/Cellar/gcc/7.3.0/lib/gcc/7/gcc/x86_64-apple-darwin17.3.0/7.3.0 -L/usr/local/Cellar/gcc/7.3.0/lib/gcc/7/gcc/x86_64-apple-darwin17.3.0/7.3.0/../../.. -search_paths_first -headerpad_max_install_names CMakeFiles/cmTC_659a6.dir/OpenMPTryFlag.cpp.o -v -lstdc++ -lgomp -no_compact_unwind -lSystem -lgcc_ext.10.5 -lgcc -lSystem -v -v
@(#)PROGRAM:ld  PROJECT:ld64-305
configured to support archs: armv6 armv7 armv7s arm64 i386 x86_64 x86_64h armv6m armv7k armv7m armv7em (tvOS)
@(#)PROGRAM:ld  PROJECT:ld64-305
configured to support archs: armv6 armv7 armv7s arm64 i386 x86_64 x86_64h armv6m armv7k armv7m armv7em (tvOS)
@(#)PROGRAM:ld  PROJECT:ld64-305
configured to support archs: armv6 armv7 armv7s arm64 i386 x86_64 x86_64h armv6m armv7k armv7m armv7em (tvOS)
Library search paths:
	/usr/local/Cellar/gcc/7.3.0/lib/gcc/7/gcc/x86_64-apple-darwin17.3.0/7.3.0
	/usr/local/Cellar/gcc/7.3.0/lib/gcc/7
	/usr/lib
	/usr/local/lib
Framework search paths:
	/Library/Frameworks/
	/System/Library/Frameworks/
 /usr/bin/nm -n CMakeFiles/cmTC_659a6.dir/OpenMPTryFlag.cpp.o


Parsed CXX OpenMP implicit link information from above output:
  link line regex: [^( *|.*[/\])(ld|CMAKE_LINK_STARTFILE-NOTFOUND|([^/\]+-)?ld|collect2)[^/\]*( |$)]
  ignore line: [Change Dir: /Users/geraldmas/MAS_gpu_project_corrigé/CMakeFiles/CMakeTmp]
  ignore line: []
  ignore line: [Run Build Command:"/usr/bin/make" "cmTC_659a6/fast"]
  ignore line: [/Applications/Xcode.app/Contents/Developer/usr/bin/make -f CMakeFiles/cmTC_659a6.dir/build.make CMakeFiles/cmTC_659a6.dir/build]
  ignore line: [Building CXX object CMakeFiles/cmTC_659a6.dir/OpenMPTryFlag.cpp.o]
  ignore line: [/Applications/Xcode.app/Contents/Developer/Toolchains/XcodeDefault.xctoolchain/usr/bin/c++    -fopenmp -v   -o CMakeFiles/cmTC_659a6.dir/OpenMPTryFlag.cpp.o -c /Users/geraldmas/MAS_gpu_project_corrigé/CMakeFiles/FindOpenMP/OpenMPTryFlag.cpp]
  ignore line: [Using built-in specs.]
  ignore line: [COLLECT_GCC=/Applications/Xcode.app/Contents/Developer/Toolchains/XcodeDefault.xctoolchain/usr/bin/c++]
  ignore line: [Target: x86_64-apple-darwin17.3.0]
  ignore line: [Configured with: ../configure --build=x86_64-apple-darwin17.3.0 --prefix=/usr/local/Cellar/gcc/7.3.0 --libdir=/usr/local/Cellar/gcc/7.3.0/lib/gcc/7 --enable-languages=c,c++,objc,obj-c++,fortran --program-suffix=-7 --with-gmp=/usr/local/opt/gmp --with-mpfr=/usr/local/opt/mpfr --with-mpc=/usr/local/opt/libmpc --with-isl=/usr/local/opt/isl --with-system-zlib --enable-checking=release --with-pkgversion='Homebrew GCC 7.3.0' --with-bugurl=https://github.com/Homebrew/homebrew-core/issues --disable-nls]
  ignore line: [Thread model: posix]
  ignore line: [gcc version 7.3.0 (Homebrew GCC 7.3.0) ]
  ignore line: [COLLECT_GCC_OPTIONS='-fopenmp' '-v' '-o' 'CMakeFiles/cmTC_659a6.dir/OpenMPTryFlag.cpp.o' '-c' '-mmacosx-version-min=10.13.4' '-asm_macosx_version_min=10.13' '-shared-libgcc' '-mtune=core2']
  ignore line: [ /usr/local/Cellar/gcc/7.3.0/libexec/gcc/x86_64-apple-darwin17.3.0/7.3.0/cc1plus -quiet -v -D__DYNAMIC__ /Users/geraldmas/MAS_gpu_project_corrigé/CMakeFiles/FindOpenMP/OpenMPTryFlag.cpp -fPIC -quiet -dumpbase OpenMPTryFlag.cpp -mmacosx-version-min=10.13.4 -mtune=core2 -auxbase-strip CMakeFiles/cmTC_659a6.dir/OpenMPTryFlag.cpp.o -version -fopenmp -o /var/folders/6n/2bxxzn0x06nct4txhch9sv980000gn/T//ccBRnyUk.s]
  ignore line: [GNU C++14 (Homebrew GCC 7.3.0) version 7.3.0 (x86_64-apple-darwin17.3.0)]
  ignore line: [	compiled by GNU C version 7.3.0, GMP version 6.1.2, MPFR version 4.0.1, MPC version 1.1.0, isl version isl-0.18-GMP]
  ignore line: []
  ignore line: [GGC heuristics: --param ggc-min-expand=100 --param ggc-min-heapsize=131072]
  ignore line: [ignoring nonexistent directory "/usr/local/Cellar/gcc/7.3.0/lib/gcc/7/gcc/x86_64-apple-darwin17.3.0/7.3.0/../../../../../../x86_64-apple-darwin17.3.0/include"]
  ignore line: [#include "..." search starts here:]
  ignore line: [#include <...> search starts here:]
  ignore line: [ /usr/local/Cellar/gcc/7.3.0/lib/gcc/7/gcc/x86_64-apple-darwin17.3.0/7.3.0/../../../../../../include/c++/7.3.0]
  ignore line: [ /usr/local/Cellar/gcc/7.3.0/lib/gcc/7/gcc/x86_64-apple-darwin17.3.0/7.3.0/../../../../../../include/c++/7.3.0/x86_64-apple-darwin17.3.0]
  ignore line: [ /usr/local/Cellar/gcc/7.3.0/lib/gcc/7/gcc/x86_64-apple-darwin17.3.0/7.3.0/../../../../../../include/c++/7.3.0/backward]
  ignore line: [ /usr/local/Cellar/gcc/7.3.0/lib/gcc/7/gcc/x86_64-apple-darwin17.3.0/7.3.0/include]
  ignore line: [ /usr/local/include]
  ignore line: [ /usr/local/Cellar/gcc/7.3.0/include]
  ignore line: [ /usr/local/Cellar/gcc/7.3.0/lib/gcc/7/gcc/x86_64-apple-darwin17.3.0/7.3.0/include-fixed]
  ignore line: [ /usr/include]
  ignore line: [ /System/Library/Frameworks]
  ignore line: [ /Library/Frameworks]
  ignore line: [End of search list.]
  ignore line: [GNU C++14 (Homebrew GCC 7.3.0) version 7.3.0 (x86_64-apple-darwin17.3.0)]
  ignore line: [	compiled by GNU C version 7.3.0, GMP version 6.1.2, MPFR version 4.0.1, MPC version 1.1.0, isl version isl-0.18-GMP]
  ignore line: []
  ignore line: [GGC heuristics: --param ggc-min-expand=100 --param ggc-min-heapsize=131072]
  ignore line: [Compiler executable checksum: 531e403c4b5b741f34809856f1ecab5b]
  ignore line: [COLLECT_GCC_OPTIONS='-fopenmp' '-v' '-o' 'CMakeFiles/cmTC_659a6.dir/OpenMPTryFlag.cpp.o' '-c' '-mmacosx-version-min=10.13.4'  '-shared-libgcc' '-mtune=core2']
  ignore line: [ as -arch x86_64 -v -force_cpusubtype_ALL -mmacosx-version-min=10.13 -o CMakeFiles/cmTC_659a6.dir/OpenMPTryFlag.cpp.o /var/folders/6n/2bxxzn0x06nct4txhch9sv980000gn/T//ccBRnyUk.s]
  ignore line: [Apple LLVM version 9.0.0 (clang-900.0.39.2)]
  ignore line: [Target: x86_64-apple-darwin17.4.0]
  ignore line: [Thread model: posix]
  ignore line: [InstalledDir: /Applications/Xcode.app/Contents/Developer/Toolchains/XcodeDefault.xctoolchain/usr/bin]
  ignore line: [ "/Applications/Xcode.app/Contents/Developer/Toolchains/XcodeDefault.xctoolchain/usr/bin/clang" -cc1as -triple x86_64-apple-macosx10.13.0 -filetype obj -main-file-name ccBRnyUk.s -target-cpu penryn -fdebug-compilation-dir /Users/geraldmas/MAS_gpu_project_corrigé/CMakeFiles/CMakeTmp -dwarf-debug-producer Apple LLVM version 9.0.0 (clang-900.0.39.2) -dwarf-version=4 -mrelocation-model pic -o CMakeFiles/cmTC_659a6.dir/OpenMPTryFlag.cpp.o /var/folders/6n/2bxxzn0x06nct4txhch9sv980000gn/T//ccBRnyUk.s]
  ignore line: [COMPILER_PATH=/usr/local/Cellar/gcc/7.3.0/libexec/gcc/x86_64-apple-darwin17.3.0/7.3.0/:/usr/local/Cellar/gcc/7.3.0/libexec/gcc/x86_64-apple-darwin17.3.0/7.3.0/:/usr/local/Cellar/gcc/7.3.0/libexec/gcc/x86_64-apple-darwin17.3.0/:/usr/local/Cellar/gcc/7.3.0/lib/gcc/7/gcc/x86_64-apple-darwin17.3.0/7.3.0/:/usr/local/Cellar/gcc/7.3.0/lib/gcc/7/gcc/x86_64-apple-darwin17.3.0/]
  ignore line: [LIBRARY_PATH=/usr/local/Cellar/gcc/7.3.0/lib/gcc/7/gcc/x86_64-apple-darwin17.3.0/7.3.0/:/usr/local/Cellar/gcc/7.3.0/lib/gcc/7/gcc/x86_64-apple-darwin17.3.0/7.3.0/../../../]
  ignore line: [COLLECT_GCC_OPTIONS='-fopenmp' '-v' '-o' 'CMakeFiles/cmTC_659a6.dir/OpenMPTryFlag.cpp.o' '-c' '-mmacosx-version-min=10.13.4'  '-shared-libgcc' '-mtune=core2']
  ignore line: [Linking CXX executable cmTC_659a6]
  ignore line: [/usr/local/Cellar/cmake/3.10.2/bin/cmake -E cmake_link_script CMakeFiles/cmTC_659a6.dir/link.txt --verbose=1]
  ignore line: [/Applications/Xcode.app/Contents/Developer/Toolchains/XcodeDefault.xctoolchain/usr/bin/c++   -fopenmp -v -Wl,-search_paths_first -Wl,-headerpad_max_install_names   CMakeFiles/cmTC_659a6.dir/OpenMPTryFlag.cpp.o  -o cmTC_659a6 -v -Wl,-v ]
  ignore line: [Using built-in specs.]
  ignore line: [COLLECT_GCC=/Applications/Xcode.app/Contents/Developer/Toolchains/XcodeDefault.xctoolchain/usr/bin/c++]
  ignore line: [COLLECT_LTO_WRAPPER=/usr/local/Cellar/gcc/7.3.0/libexec/gcc/x86_64-apple-darwin17.3.0/7.3.0/lto-wrapper]
  ignore line: [Target: x86_64-apple-darwin17.3.0]
  ignore line: [Configured with: ../configure --build=x86_64-apple-darwin17.3.0 --prefix=/usr/local/Cellar/gcc/7.3.0 --libdir=/usr/local/Cellar/gcc/7.3.0/lib/gcc/7 --enable-languages=c,c++,objc,obj-c++,fortran --program-suffix=-7 --with-gmp=/usr/local/opt/gmp --with-mpfr=/usr/local/opt/mpfr --with-mpc=/usr/local/opt/libmpc --with-isl=/usr/local/opt/isl --with-system-zlib --enable-checking=release --with-pkgversion='Homebrew GCC 7.3.0' --with-bugurl=https://github.com/Homebrew/homebrew-core/issues --disable-nls]
  ignore line: [Thread model: posix]
  ignore line: [gcc version 7.3.0 (Homebrew GCC 7.3.0) ]
  ignore line: [COMPILER_PATH=/usr/local/Cellar/gcc/7.3.0/libexec/gcc/x86_64-apple-darwin17.3.0/7.3.0/:/usr/local/Cellar/gcc/7.3.0/libexec/gcc/x86_64-apple-darwin17.3.0/7.3.0/:/usr/local/Cellar/gcc/7.3.0/libexec/gcc/x86_64-apple-darwin17.3.0/:/usr/local/Cellar/gcc/7.3.0/lib/gcc/7/gcc/x86_64-apple-darwin17.3.0/7.3.0/:/usr/local/Cellar/gcc/7.3.0/lib/gcc/7/gcc/x86_64-apple-darwin17.3.0/]
  ignore line: [LIBRARY_PATH=/usr/local/Cellar/gcc/7.3.0/lib/gcc/7/gcc/x86_64-apple-darwin17.3.0/7.3.0/:/usr/local/Cellar/gcc/7.3.0/lib/gcc/7/gcc/x86_64-apple-darwin17.3.0/7.3.0/../../../]
  ignore line: [COLLECT_GCC_OPTIONS='-fopenmp' '-v' '-o' 'cmTC_659a6' '-v' '-mmacosx-version-min=10.13.4' '-asm_macosx_version_min=10.13' '-shared-libgcc' '-mtune=core2']
  link line: [ /usr/local/Cellar/gcc/7.3.0/libexec/gcc/x86_64-apple-darwin17.3.0/7.3.0/collect2 -dynamic -arch x86_64 -macosx_version_min 10.13.4 -weak_reference_mismatches non-weak -o cmTC_659a6 -L/usr/local/Cellar/gcc/7.3.0/lib/gcc/7/gcc/x86_64-apple-darwin17.3.0/7.3.0 -L/usr/local/Cellar/gcc/7.3.0/lib/gcc/7/gcc/x86_64-apple-darwin17.3.0/7.3.0/../../.. -search_paths_first -headerpad_max_install_names CMakeFiles/cmTC_659a6.dir/OpenMPTryFlag.cpp.o -v -lstdc++ -lgomp -no_compact_unwind -lSystem -lgcc_ext.10.5 -lgcc -lSystem -v -v]
    arg [/usr/local/Cellar/gcc/7.3.0/libexec/gcc/x86_64-apple-darwin17.3.0/7.3.0/collect2] ==> ignore
    arg [-dynamic] ==> ignore
    arg [-arch] ==> ignore
    arg [x86_64] ==> ignore
    arg [-macosx_version_min] ==> ignore
    arg [10.13.4] ==> ignore
    arg [-weak_reference_mismatches] ==> ignore
    arg [non-weak] ==> ignore
    arg [-o] ==> ignore
    arg [cmTC_659a6] ==> ignore
    arg [-L/usr/local/Cellar/gcc/7.3.0/lib/gcc/7/gcc/x86_64-apple-darwin17.3.0/7.3.0] ==> dir [/usr/local/Cellar/gcc/7.3.0/lib/gcc/7/gcc/x86_64-apple-darwin17.3.0/7.3.0]
    arg [-L/usr/local/Cellar/gcc/7.3.0/lib/gcc/7/gcc/x86_64-apple-darwin17.3.0/7.3.0/../../..] ==> dir [/usr/local/Cellar/gcc/7.3.0/lib/gcc/7/gcc/x86_64-apple-darwin17.3.0/7.3.0/../../..]
    arg [-search_paths_first] ==> ignore
    arg [-headerpad_max_install_names] ==> ignore
    arg [CMakeFiles/cmTC_659a6.dir/OpenMPTryFlag.cpp.o] ==> ignore
    arg [-v] ==> ignore
    arg [-lstdc++] ==> lib [stdc++]
    arg [-lgomp] ==> lib [gomp]
    arg [-no_compact_unwind] ==> ignore
    arg [-lSystem] ==> lib [System]
    arg [-lgcc_ext.10.5] ==> lib [gcc_ext.10.5]
    arg [-lgcc] ==> lib [gcc]
    arg [-lSystem] ==> lib [System]
    arg [-v] ==> ignore
    arg [-v] ==> ignore
  Library search paths: [;/usr/local/Cellar/gcc/7.3.0/lib/gcc/7/gcc/x86_64-apple-darwin17.3.0/7.3.0;/usr/local/Cellar/gcc/7.3.0/lib/gcc/7;/usr/lib;/usr/local/lib]
  Framework search paths: [;/Library/Frameworks/;/System/Library/Frameworks/]
  remove lib [System]
  remove lib [System]
  collapse library dir [/usr/local/Cellar/gcc/7.3.0/lib/gcc/7/gcc/x86_64-apple-darwin17.3.0/7.3.0] ==> [/usr/local/Cellar/gcc/7.3.0/lib/gcc/7/gcc/x86_64-apple-darwin17.3.0/7.3.0]
  collapse library dir [/usr/local/Cellar/gcc/7.3.0/lib/gcc/7/gcc/x86_64-apple-darwin17.3.0/7.3.0/../../..] ==> [/usr/local/Cellar/gcc/7.3.0/lib/gcc/7]
  collapse library dir [/usr/local/Cellar/gcc/7.3.0/lib/gcc/7/gcc/x86_64-apple-darwin17.3.0/7.3.0] ==> [/usr/local/Cellar/gcc/7.3.0/lib/gcc/7/gcc/x86_64-apple-darwin17.3.0/7.3.0]
  collapse library dir [/usr/local/Cellar/gcc/7.3.0/lib/gcc/7] ==> [/usr/local/Cellar/gcc/7.3.0/lib/gcc/7]
  collapse library dir [/usr/lib] ==> [/usr/lib]
  collapse library dir [/usr/local/lib] ==> [/usr/local/lib]
  collapse framework dir [/Library/Frameworks/] ==> [/Library/Frameworks]
  collapse framework dir [/System/Library/Frameworks/] ==> [/System/Library/Frameworks]
  implicit libs: [stdc++;gomp;gcc_ext.10.5;gcc]
  implicit dirs: [/usr/local/Cellar/gcc/7.3.0/lib/gcc/7/gcc/x86_64-apple-darwin17.3.0/7.3.0;/usr/local/Cellar/gcc/7.3.0/lib/gcc/7;/usr/lib;/usr/local/lib]
  implicit fwks: [/Library/Frameworks;/System/Library/Frameworks]


